

Microchip MPLAB XC8 Assembler V2.45 build 20230818022343 
                                                                                               Thu Oct 19 18:11:46 2023

Microchip MPLAB XC8 C Compiler v2.45 (Free license) build 20230818022343 Og1 
     1                           	processor	16F1827
     2                           	pagewidth 120
     3                           	opt	flic
     4                           	psect	nvCOMMON,global,class=COMMON,space=1,delta=1,noexec
     5                           	psect	cinit,global,class=CODE,merge=1,delta=2
     6                           	psect	bssCOMMON,global,class=COMMON,space=1,delta=1,noexec
     7                           	psect	cstackCOMMON,global,class=COMMON,space=1,delta=1,noexec
     8                           	psect	maintext,global,class=CODE,merge=1,split=1,delta=2
     9                           	psect	text1,local,class=CODE,merge=1,delta=2
    10                           	psect	text2,local,class=CODE,merge=1,delta=2
    11                           	psect	text3,local,class=CODE,merge=1,delta=2
    12                           	psect	text4,local,class=CODE,merge=1,delta=2
    13                           	psect	text5,local,class=CODE,merge=1,delta=2
    14                           	psect	text6,local,class=CODE,merge=1,delta=2
    15                           	psect	text7,local,class=CODE,merge=1,delta=2
    16                           	psect	config,global,abs,ovrld,class=CONFIG,space=4,delta=2,noexec
    17                           	dabs	1,0x7E,2
    18     0000                     
    19                           ; Generated 06/07/2023 GMT
    20                           ; 
    21                           ; Copyright © 2023, Microchip Technology Inc. and its subsidiaries ("Microchip")
    22                           ; All rights reserved.
    23                           ; 
    24                           ; This software is developed by Microchip Technology Inc. and its subsidiaries ("Microch
      +                          ip").
    25                           ; 
    26                           ; Redistribution and use in source and binary forms, with or without modification, are
    27                           ; permitted provided that the following conditions are met:
    28                           ; 
    29                           ;     1. Redistributions of source code must retain the above copyright notice, this lis
      +                          t of
    30                           ;        conditions and the following disclaimer.
    31                           ; 
    32                           ;     2. Redistributions in binary form must reproduce the above copyright notice, this 
      +                          list
    33                           ;        of conditions and the following disclaimer in the documentation and/or other
    34                           ;        materials provided with the distribution. Publication is not required when
    35                           ;        this file is used in an embedded application.
    36                           ; 
    37                           ;     3. Microchip's name may not be used to endorse or promote products derived from th
      +                          is
    38                           ;        software without specific prior written permission.
    39                           ; 
    40                           ; THIS SOFTWARE IS PROVIDED BY MICROCHIP "AS IS" AND ANY EXPRESS OR IMPLIED WARRANTIES,
    41                           ; INCLUDING, BUT NOT LIMITED TO, THE IMPLIED WARRANTIES OF MERCHANTABILITY AND FITNESS F
      +                          OR
    42                           ; PURPOSE ARE DISCLAIMED.  IN NO EVENT SHALL MICROCHIP BE LIABLE FOR ANY DIRECT, INDIREC
      +                          T,
    43                           ; INCIDENTAL, SPECIAL, EXEMPLARY, OR CONSEQUENTIAL DAMAGES (INCLUDING BUT NOT LIMITED TO
    44                           ; PROCUREMENT OF SUBSTITUTE GOODS OR SERVICES; LOSS OF USE, DATA OR PROFITS; OR BUSINESS
    45                           ; INTERRUPTION) HOWSOEVER CAUSED AND ON ANY THEORY OF LIABILITY, WHETHER IN CONTRACT, ST
      +                          RICT
    46                           ; LIABILITY, OR TORT (INCLUDING NEGLIGENCE OR OTHERWISE) ARISING IN ANY WAY OUT OF THE U
      +                          SE OF
    47                           ; THIS SOFTWARE, EVEN IF ADVISED OF THE POSSIBILITY OF SUCH DAMAGE.
    48                           ; 
    49                           ; 
    50                           ; Code-generator required, PIC16F1827 Definitions
    51                           ; 
    52                           ; SFR Addresses
    53     0000                     	;# 
    54     0001                     	;# 
    55     0002                     	;# 
    56     0003                     	;# 
    57     0004                     	;# 
    58     0005                     	;# 
    59     0006                     	;# 
    60     0007                     	;# 
    61     0008                     	;# 
    62     0009                     	;# 
    63     000A                     	;# 
    64     000B                     	;# 
    65     000C                     	;# 
    66     000D                     	;# 
    67     0011                     	;# 
    68     0012                     	;# 
    69     0013                     	;# 
    70     0014                     	;# 
    71     0015                     	;# 
    72     0016                     	;# 
    73     0016                     	;# 
    74     0017                     	;# 
    75     0018                     	;# 
    76     0019                     	;# 
    77     001A                     	;# 
    78     001B                     	;# 
    79     001C                     	;# 
    80     001E                     	;# 
    81     001F                     	;# 
    82     008C                     	;# 
    83     008D                     	;# 
    84     0091                     	;# 
    85     0092                     	;# 
    86     0093                     	;# 
    87     0094                     	;# 
    88     0095                     	;# 
    89     0096                     	;# 
    90     0097                     	;# 
    91     0098                     	;# 
    92     0099                     	;# 
    93     009A                     	;# 
    94     009B                     	;# 
    95     009B                     	;# 
    96     009C                     	;# 
    97     009D                     	;# 
    98     009E                     	;# 
    99     010C                     	;# 
   100     010D                     	;# 
   101     0111                     	;# 
   102     0112                     	;# 
   103     0113                     	;# 
   104     0114                     	;# 
   105     0115                     	;# 
   106     0116                     	;# 
   107     0117                     	;# 
   108     0118                     	;# 
   109     0119                     	;# 
   110     011A                     	;# 
   111     011B                     	;# 
   112     011D                     	;# 
   113     011E                     	;# 
   114     018C                     	;# 
   115     018D                     	;# 
   116     0191                     	;# 
   117     0191                     	;# 
   118     0192                     	;# 
   119     0193                     	;# 
   120     0193                     	;# 
   121     0193                     	;# 
   122     0194                     	;# 
   123     0195                     	;# 
   124     0196                     	;# 
   125     0199                     	;# 
   126     019A                     	;# 
   127     019B                     	;# 
   128     019B                     	;# 
   129     019B                     	;# 
   130     019B                     	;# 
   131     019C                     	;# 
   132     019C                     	;# 
   133     019D                     	;# 
   134     019E                     	;# 
   135     019F                     	;# 
   136     020C                     	;# 
   137     020D                     	;# 
   138     0211                     	;# 
   139     0211                     	;# 
   140     0212                     	;# 
   141     0212                     	;# 
   142     0213                     	;# 
   143     0213                     	;# 
   144     0214                     	;# 
   145     0214                     	;# 
   146     0215                     	;# 
   147     0215                     	;# 
   148     0215                     	;# 
   149     0216                     	;# 
   150     0216                     	;# 
   151     0217                     	;# 
   152     0217                     	;# 
   153     0219                     	;# 
   154     021A                     	;# 
   155     021B                     	;# 
   156     021C                     	;# 
   157     021D                     	;# 
   158     021E                     	;# 
   159     021F                     	;# 
   160     0291                     	;# 
   161     0291                     	;# 
   162     0292                     	;# 
   163     0293                     	;# 
   164     0294                     	;# 
   165     0295                     	;# 
   166     0295                     	;# 
   167     0296                     	;# 
   168     0298                     	;# 
   169     0298                     	;# 
   170     0299                     	;# 
   171     029A                     	;# 
   172     029B                     	;# 
   173     029C                     	;# 
   174     029C                     	;# 
   175     029D                     	;# 
   176     029E                     	;# 
   177     029E                     	;# 
   178     0311                     	;# 
   179     0311                     	;# 
   180     0312                     	;# 
   181     0313                     	;# 
   182     0318                     	;# 
   183     0318                     	;# 
   184     0319                     	;# 
   185     031A                     	;# 
   186     0394                     	;# 
   187     0395                     	;# 
   188     0396                     	;# 
   189     039A                     	;# 
   190     039C                     	;# 
   191     039D                     	;# 
   192     039E                     	;# 
   193     039F                     	;# 
   194     0415                     	;# 
   195     0416                     	;# 
   196     0417                     	;# 
   197     041C                     	;# 
   198     041D                     	;# 
   199     041E                     	;# 
   200     0FE4                     	;# 
   201     0FE5                     	;# 
   202     0FE6                     	;# 
   203     0FE7                     	;# 
   204     0FE8                     	;# 
   205     0FE9                     	;# 
   206     0FEA                     	;# 
   207     0FEB                     	;# 
   208     0FED                     	;# 
   209     0FEE                     	;# 
   210     0FEF                     	;# 
   211     0000                     	;# 
   212     0001                     	;# 
   213     0002                     	;# 
   214     0003                     	;# 
   215     0004                     	;# 
   216     0005                     	;# 
   217     0006                     	;# 
   218     0007                     	;# 
   219     0008                     	;# 
   220     0009                     	;# 
   221     000A                     	;# 
   222     000B                     	;# 
   223     000C                     	;# 
   224     000D                     	;# 
   225     0011                     	;# 
   226     0012                     	;# 
   227     0013                     	;# 
   228     0014                     	;# 
   229     0015                     	;# 
   230     0016                     	;# 
   231     0016                     	;# 
   232     0017                     	;# 
   233     0018                     	;# 
   234     0019                     	;# 
   235     001A                     	;# 
   236     001B                     	;# 
   237     001C                     	;# 
   238     001E                     	;# 
   239     001F                     	;# 
   240     008C                     	;# 
   241     008D                     	;# 
   242     0091                     	;# 
   243     0092                     	;# 
   244     0093                     	;# 
   245     0094                     	;# 
   246     0095                     	;# 
   247     0096                     	;# 
   248     0097                     	;# 
   249     0098                     	;# 
   250     0099                     	;# 
   251     009A                     	;# 
   252     009B                     	;# 
   253     009B                     	;# 
   254     009C                     	;# 
   255     009D                     	;# 
   256     009E                     	;# 
   257     010C                     	;# 
   258     010D                     	;# 
   259     0111                     	;# 
   260     0112                     	;# 
   261     0113                     	;# 
   262     0114                     	;# 
   263     0115                     	;# 
   264     0116                     	;# 
   265     0117                     	;# 
   266     0118                     	;# 
   267     0119                     	;# 
   268     011A                     	;# 
   269     011B                     	;# 
   270     011D                     	;# 
   271     011E                     	;# 
   272     018C                     	;# 
   273     018D                     	;# 
   274     0191                     	;# 
   275     0191                     	;# 
   276     0192                     	;# 
   277     0193                     	;# 
   278     0193                     	;# 
   279     0193                     	;# 
   280     0194                     	;# 
   281     0195                     	;# 
   282     0196                     	;# 
   283     0199                     	;# 
   284     019A                     	;# 
   285     019B                     	;# 
   286     019B                     	;# 
   287     019B                     	;# 
   288     019B                     	;# 
   289     019C                     	;# 
   290     019C                     	;# 
   291     019D                     	;# 
   292     019E                     	;# 
   293     019F                     	;# 
   294     020C                     	;# 
   295     020D                     	;# 
   296     0211                     	;# 
   297     0211                     	;# 
   298     0212                     	;# 
   299     0212                     	;# 
   300     0213                     	;# 
   301     0213                     	;# 
   302     0214                     	;# 
   303     0214                     	;# 
   304     0215                     	;# 
   305     0215                     	;# 
   306     0215                     	;# 
   307     0216                     	;# 
   308     0216                     	;# 
   309     0217                     	;# 
   310     0217                     	;# 
   311     0219                     	;# 
   312     021A                     	;# 
   313     021B                     	;# 
   314     021C                     	;# 
   315     021D                     	;# 
   316     021E                     	;# 
   317     021F                     	;# 
   318     0291                     	;# 
   319     0291                     	;# 
   320     0292                     	;# 
   321     0293                     	;# 
   322     0294                     	;# 
   323     0295                     	;# 
   324     0295                     	;# 
   325     0296                     	;# 
   326     0298                     	;# 
   327     0298                     	;# 
   328     0299                     	;# 
   329     029A                     	;# 
   330     029B                     	;# 
   331     029C                     	;# 
   332     029C                     	;# 
   333     029D                     	;# 
   334     029E                     	;# 
   335     029E                     	;# 
   336     0311                     	;# 
   337     0311                     	;# 
   338     0312                     	;# 
   339     0313                     	;# 
   340     0318                     	;# 
   341     0318                     	;# 
   342     0319                     	;# 
   343     031A                     	;# 
   344     0394                     	;# 
   345     0395                     	;# 
   346     0396                     	;# 
   347     039A                     	;# 
   348     039C                     	;# 
   349     039D                     	;# 
   350     039E                     	;# 
   351     039F                     	;# 
   352     0415                     	;# 
   353     0416                     	;# 
   354     0417                     	;# 
   355     041C                     	;# 
   356     041D                     	;# 
   357     041E                     	;# 
   358     0FE4                     	;# 
   359     0FE5                     	;# 
   360     0FE6                     	;# 
   361     0FE7                     	;# 
   362     0FE8                     	;# 
   363     0FE9                     	;# 
   364     0FEA                     	;# 
   365     0FEB                     	;# 
   366     0FED                     	;# 
   367     0FEE                     	;# 
   368     0FEF                     	;# 
   369     0000                     	;# 
   370     0001                     	;# 
   371     0002                     	;# 
   372     0003                     	;# 
   373     0004                     	;# 
   374     0005                     	;# 
   375     0006                     	;# 
   376     0007                     	;# 
   377     0008                     	;# 
   378     0009                     	;# 
   379     000A                     	;# 
   380     000B                     	;# 
   381     000C                     	;# 
   382     000D                     	;# 
   383     0011                     	;# 
   384     0012                     	;# 
   385     0013                     	;# 
   386     0014                     	;# 
   387     0015                     	;# 
   388     0016                     	;# 
   389     0016                     	;# 
   390     0017                     	;# 
   391     0018                     	;# 
   392     0019                     	;# 
   393     001A                     	;# 
   394     001B                     	;# 
   395     001C                     	;# 
   396     001E                     	;# 
   397     001F                     	;# 
   398     008C                     	;# 
   399     008D                     	;# 
   400     0091                     	;# 
   401     0092                     	;# 
   402     0093                     	;# 
   403     0094                     	;# 
   404     0095                     	;# 
   405     0096                     	;# 
   406     0097                     	;# 
   407     0098                     	;# 
   408     0099                     	;# 
   409     009A                     	;# 
   410     009B                     	;# 
   411     009B                     	;# 
   412     009C                     	;# 
   413     009D                     	;# 
   414     009E                     	;# 
   415     010C                     	;# 
   416     010D                     	;# 
   417     0111                     	;# 
   418     0112                     	;# 
   419     0113                     	;# 
   420     0114                     	;# 
   421     0115                     	;# 
   422     0116                     	;# 
   423     0117                     	;# 
   424     0118                     	;# 
   425     0119                     	;# 
   426     011A                     	;# 
   427     011B                     	;# 
   428     011D                     	;# 
   429     011E                     	;# 
   430     018C                     	;# 
   431     018D                     	;# 
   432     0191                     	;# 
   433     0191                     	;# 
   434     0192                     	;# 
   435     0193                     	;# 
   436     0193                     	;# 
   437     0193                     	;# 
   438     0194                     	;# 
   439     0195                     	;# 
   440     0196                     	;# 
   441     0199                     	;# 
   442     019A                     	;# 
   443     019B                     	;# 
   444     019B                     	;# 
   445     019B                     	;# 
   446     019B                     	;# 
   447     019C                     	;# 
   448     019C                     	;# 
   449     019D                     	;# 
   450     019E                     	;# 
   451     019F                     	;# 
   452     020C                     	;# 
   453     020D                     	;# 
   454     0211                     	;# 
   455     0211                     	;# 
   456     0212                     	;# 
   457     0212                     	;# 
   458     0213                     	;# 
   459     0213                     	;# 
   460     0214                     	;# 
   461     0214                     	;# 
   462     0215                     	;# 
   463     0215                     	;# 
   464     0215                     	;# 
   465     0216                     	;# 
   466     0216                     	;# 
   467     0217                     	;# 
   468     0217                     	;# 
   469     0219                     	;# 
   470     021A                     	;# 
   471     021B                     	;# 
   472     021C                     	;# 
   473     021D                     	;# 
   474     021E                     	;# 
   475     021F                     	;# 
   476     0291                     	;# 
   477     0291                     	;# 
   478     0292                     	;# 
   479     0293                     	;# 
   480     0294                     	;# 
   481     0295                     	;# 
   482     0295                     	;# 
   483     0296                     	;# 
   484     0298                     	;# 
   485     0298                     	;# 
   486     0299                     	;# 
   487     029A                     	;# 
   488     029B                     	;# 
   489     029C                     	;# 
   490     029C                     	;# 
   491     029D                     	;# 
   492     029E                     	;# 
   493     029E                     	;# 
   494     0311                     	;# 
   495     0311                     	;# 
   496     0312                     	;# 
   497     0313                     	;# 
   498     0318                     	;# 
   499     0318                     	;# 
   500     0319                     	;# 
   501     031A                     	;# 
   502     0394                     	;# 
   503     0395                     	;# 
   504     0396                     	;# 
   505     039A                     	;# 
   506     039C                     	;# 
   507     039D                     	;# 
   508     039E                     	;# 
   509     039F                     	;# 
   510     0415                     	;# 
   511     0416                     	;# 
   512     0417                     	;# 
   513     041C                     	;# 
   514     041D                     	;# 
   515     041E                     	;# 
   516     0FE4                     	;# 
   517     0FE5                     	;# 
   518     0FE6                     	;# 
   519     0FE7                     	;# 
   520     0FE8                     	;# 
   521     0FE9                     	;# 
   522     0FEA                     	;# 
   523     0FEB                     	;# 
   524     0FED                     	;# 
   525     0FEE                     	;# 
   526     0FEF                     	;# 
   527     0000                     	;# 
   528     0001                     	;# 
   529     0002                     	;# 
   530     0003                     	;# 
   531     0004                     	;# 
   532     0005                     	;# 
   533     0006                     	;# 
   534     0007                     	;# 
   535     0008                     	;# 
   536     0009                     	;# 
   537     000A                     	;# 
   538     000B                     	;# 
   539     000C                     	;# 
   540     000D                     	;# 
   541     0011                     	;# 
   542     0012                     	;# 
   543     0013                     	;# 
   544     0014                     	;# 
   545     0015                     	;# 
   546     0016                     	;# 
   547     0016                     	;# 
   548     0017                     	;# 
   549     0018                     	;# 
   550     0019                     	;# 
   551     001A                     	;# 
   552     001B                     	;# 
   553     001C                     	;# 
   554     001E                     	;# 
   555     001F                     	;# 
   556     008C                     	;# 
   557     008D                     	;# 
   558     0091                     	;# 
   559     0092                     	;# 
   560     0093                     	;# 
   561     0094                     	;# 
   562     0095                     	;# 
   563     0096                     	;# 
   564     0097                     	;# 
   565     0098                     	;# 
   566     0099                     	;# 
   567     009A                     	;# 
   568     009B                     	;# 
   569     009B                     	;# 
   570     009C                     	;# 
   571     009D                     	;# 
   572     009E                     	;# 
   573     010C                     	;# 
   574     010D                     	;# 
   575     0111                     	;# 
   576     0112                     	;# 
   577     0113                     	;# 
   578     0114                     	;# 
   579     0115                     	;# 
   580     0116                     	;# 
   581     0117                     	;# 
   582     0118                     	;# 
   583     0119                     	;# 
   584     011A                     	;# 
   585     011B                     	;# 
   586     011D                     	;# 
   587     011E                     	;# 
   588     018C                     	;# 
   589     018D                     	;# 
   590     0191                     	;# 
   591     0191                     	;# 
   592     0192                     	;# 
   593     0193                     	;# 
   594     0193                     	;# 
   595     0193                     	;# 
   596     0194                     	;# 
   597     0195                     	;# 
   598     0196                     	;# 
   599     0199                     	;# 
   600     019A                     	;# 
   601     019B                     	;# 
   602     019B                     	;# 
   603     019B                     	;# 
   604     019B                     	;# 
   605     019C                     	;# 
   606     019C                     	;# 
   607     019D                     	;# 
   608     019E                     	;# 
   609     019F                     	;# 
   610     020C                     	;# 
   611     020D                     	;# 
   612     0211                     	;# 
   613     0211                     	;# 
   614     0212                     	;# 
   615     0212                     	;# 
   616     0213                     	;# 
   617     0213                     	;# 
   618     0214                     	;# 
   619     0214                     	;# 
   620     0215                     	;# 
   621     0215                     	;# 
   622     0215                     	;# 
   623     0216                     	;# 
   624     0216                     	;# 
   625     0217                     	;# 
   626     0217                     	;# 
   627     0219                     	;# 
   628     021A                     	;# 
   629     021B                     	;# 
   630     021C                     	;# 
   631     021D                     	;# 
   632     021E                     	;# 
   633     021F                     	;# 
   634     0291                     	;# 
   635     0291                     	;# 
   636     0292                     	;# 
   637     0293                     	;# 
   638     0294                     	;# 
   639     0295                     	;# 
   640     0295                     	;# 
   641     0296                     	;# 
   642     0298                     	;# 
   643     0298                     	;# 
   644     0299                     	;# 
   645     029A                     	;# 
   646     029B                     	;# 
   647     029C                     	;# 
   648     029C                     	;# 
   649     029D                     	;# 
   650     029E                     	;# 
   651     029E                     	;# 
   652     0311                     	;# 
   653     0311                     	;# 
   654     0312                     	;# 
   655     0313                     	;# 
   656     0318                     	;# 
   657     0318                     	;# 
   658     0319                     	;# 
   659     031A                     	;# 
   660     0394                     	;# 
   661     0395                     	;# 
   662     0396                     	;# 
   663     039A                     	;# 
   664     039C                     	;# 
   665     039D                     	;# 
   666     039E                     	;# 
   667     039F                     	;# 
   668     0415                     	;# 
   669     0416                     	;# 
   670     0417                     	;# 
   671     041C                     	;# 
   672     041D                     	;# 
   673     041E                     	;# 
   674     0FE4                     	;# 
   675     0FE5                     	;# 
   676     0FE6                     	;# 
   677     0FE7                     	;# 
   678     0FE8                     	;# 
   679     0FE9                     	;# 
   680     0FEA                     	;# 
   681     0FEB                     	;# 
   682     0FED                     	;# 
   683     0FEE                     	;# 
   684     0FEF                     	;# 
   685     0000                     	;# 
   686     0001                     	;# 
   687     0002                     	;# 
   688     0003                     	;# 
   689     0004                     	;# 
   690     0005                     	;# 
   691     0006                     	;# 
   692     0007                     	;# 
   693     0008                     	;# 
   694     0009                     	;# 
   695     000A                     	;# 
   696     000B                     	;# 
   697     000C                     	;# 
   698     000D                     	;# 
   699     0011                     	;# 
   700     0012                     	;# 
   701     0013                     	;# 
   702     0014                     	;# 
   703     0015                     	;# 
   704     0016                     	;# 
   705     0016                     	;# 
   706     0017                     	;# 
   707     0018                     	;# 
   708     0019                     	;# 
   709     001A                     	;# 
   710     001B                     	;# 
   711     001C                     	;# 
   712     001E                     	;# 
   713     001F                     	;# 
   714     008C                     	;# 
   715     008D                     	;# 
   716     0091                     	;# 
   717     0092                     	;# 
   718     0093                     	;# 
   719     0094                     	;# 
   720     0095                     	;# 
   721     0096                     	;# 
   722     0097                     	;# 
   723     0098                     	;# 
   724     0099                     	;# 
   725     009A                     	;# 
   726     009B                     	;# 
   727     009B                     	;# 
   728     009C                     	;# 
   729     009D                     	;# 
   730     009E                     	;# 
   731     010C                     	;# 
   732     010D                     	;# 
   733     0111                     	;# 
   734     0112                     	;# 
   735     0113                     	;# 
   736     0114                     	;# 
   737     0115                     	;# 
   738     0116                     	;# 
   739     0117                     	;# 
   740     0118                     	;# 
   741     0119                     	;# 
   742     011A                     	;# 
   743     011B                     	;# 
   744     011D                     	;# 
   745     011E                     	;# 
   746     018C                     	;# 
   747     018D                     	;# 
   748     0191                     	;# 
   749     0191                     	;# 
   750     0192                     	;# 
   751     0193                     	;# 
   752     0193                     	;# 
   753     0193                     	;# 
   754     0194                     	;# 
   755     0195                     	;# 
   756     0196                     	;# 
   757     0199                     	;# 
   758     019A                     	;# 
   759     019B                     	;# 
   760     019B                     	;# 
   761     019B                     	;# 
   762     019B                     	;# 
   763     019C                     	;# 
   764     019C                     	;# 
   765     019D                     	;# 
   766     019E                     	;# 
   767     019F                     	;# 
   768     020C                     	;# 
   769     020D                     	;# 
   770     0211                     	;# 
   771     0211                     	;# 
   772     0212                     	;# 
   773     0212                     	;# 
   774     0213                     	;# 
   775     0213                     	;# 
   776     0214                     	;# 
   777     0214                     	;# 
   778     0215                     	;# 
   779     0215                     	;# 
   780     0215                     	;# 
   781     0216                     	;# 
   782     0216                     	;# 
   783     0217                     	;# 
   784     0217                     	;# 
   785     0219                     	;# 
   786     021A                     	;# 
   787     021B                     	;# 
   788     021C                     	;# 
   789     021D                     	;# 
   790     021E                     	;# 
   791     021F                     	;# 
   792     0291                     	;# 
   793     0291                     	;# 
   794     0292                     	;# 
   795     0293                     	;# 
   796     0294                     	;# 
   797     0295                     	;# 
   798     0295                     	;# 
   799     0296                     	;# 
   800     0298                     	;# 
   801     0298                     	;# 
   802     0299                     	;# 
   803     029A                     	;# 
   804     029B                     	;# 
   805     029C                     	;# 
   806     029C                     	;# 
   807     029D                     	;# 
   808     029E                     	;# 
   809     029E                     	;# 
   810     0311                     	;# 
   811     0311                     	;# 
   812     0312                     	;# 
   813     0313                     	;# 
   814     0318                     	;# 
   815     0318                     	;# 
   816     0319                     	;# 
   817     031A                     	;# 
   818     0394                     	;# 
   819     0395                     	;# 
   820     0396                     	;# 
   821     039A                     	;# 
   822     039C                     	;# 
   823     039D                     	;# 
   824     039E                     	;# 
   825     039F                     	;# 
   826     0415                     	;# 
   827     0416                     	;# 
   828     0417                     	;# 
   829     041C                     	;# 
   830     041D                     	;# 
   831     041E                     	;# 
   832     0FE4                     	;# 
   833     0FE5                     	;# 
   834     0FE6                     	;# 
   835     0FE7                     	;# 
   836     0FE8                     	;# 
   837     0FE9                     	;# 
   838     0FEA                     	;# 
   839     0FEB                     	;# 
   840     0FED                     	;# 
   841     0FEE                     	;# 
   842     0FEF                     	;# 
   843     0000                     	;# 
   844     0001                     	;# 
   845     0002                     	;# 
   846     0003                     	;# 
   847     0004                     	;# 
   848     0005                     	;# 
   849     0006                     	;# 
   850     0007                     	;# 
   851     0008                     	;# 
   852     0009                     	;# 
   853     000A                     	;# 
   854     000B                     	;# 
   855     000C                     	;# 
   856     000D                     	;# 
   857     0011                     	;# 
   858     0012                     	;# 
   859     0013                     	;# 
   860     0014                     	;# 
   861     0015                     	;# 
   862     0016                     	;# 
   863     0016                     	;# 
   864     0017                     	;# 
   865     0018                     	;# 
   866     0019                     	;# 
   867     001A                     	;# 
   868     001B                     	;# 
   869     001C                     	;# 
   870     001E                     	;# 
   871     001F                     	;# 
   872     008C                     	;# 
   873     008D                     	;# 
   874     0091                     	;# 
   875     0092                     	;# 
   876     0093                     	;# 
   877     0094                     	;# 
   878     0095                     	;# 
   879     0096                     	;# 
   880     0097                     	;# 
   881     0098                     	;# 
   882     0099                     	;# 
   883     009A                     	;# 
   884     009B                     	;# 
   885     009B                     	;# 
   886     009C                     	;# 
   887     009D                     	;# 
   888     009E                     	;# 
   889     010C                     	;# 
   890     010D                     	;# 
   891     0111                     	;# 
   892     0112                     	;# 
   893     0113                     	;# 
   894     0114                     	;# 
   895     0115                     	;# 
   896     0116                     	;# 
   897     0117                     	;# 
   898     0118                     	;# 
   899     0119                     	;# 
   900     011A                     	;# 
   901     011B                     	;# 
   902     011D                     	;# 
   903     011E                     	;# 
   904     018C                     	;# 
   905     018D                     	;# 
   906     0191                     	;# 
   907     0191                     	;# 
   908     0192                     	;# 
   909     0193                     	;# 
   910     0193                     	;# 
   911     0193                     	;# 
   912     0194                     	;# 
   913     0195                     	;# 
   914     0196                     	;# 
   915     0199                     	;# 
   916     019A                     	;# 
   917     019B                     	;# 
   918     019B                     	;# 
   919     019B                     	;# 
   920     019B                     	;# 
   921     019C                     	;# 
   922     019C                     	;# 
   923     019D                     	;# 
   924     019E                     	;# 
   925     019F                     	;# 
   926     020C                     	;# 
   927     020D                     	;# 
   928     0211                     	;# 
   929     0211                     	;# 
   930     0212                     	;# 
   931     0212                     	;# 
   932     0213                     	;# 
   933     0213                     	;# 
   934     0214                     	;# 
   935     0214                     	;# 
   936     0215                     	;# 
   937     0215                     	;# 
   938     0215                     	;# 
   939     0216                     	;# 
   940     0216                     	;# 
   941     0217                     	;# 
   942     0217                     	;# 
   943     0219                     	;# 
   944     021A                     	;# 
   945     021B                     	;# 
   946     021C                     	;# 
   947     021D                     	;# 
   948     021E                     	;# 
   949     021F                     	;# 
   950     0291                     	;# 
   951     0291                     	;# 
   952     0292                     	;# 
   953     0293                     	;# 
   954     0294                     	;# 
   955     0295                     	;# 
   956     0295                     	;# 
   957     0296                     	;# 
   958     0298                     	;# 
   959     0298                     	;# 
   960     0299                     	;# 
   961     029A                     	;# 
   962     029B                     	;# 
   963     029C                     	;# 
   964     029C                     	;# 
   965     029D                     	;# 
   966     029E                     	;# 
   967     029E                     	;# 
   968     0311                     	;# 
   969     0311                     	;# 
   970     0312                     	;# 
   971     0313                     	;# 
   972     0318                     	;# 
   973     0318                     	;# 
   974     0319                     	;# 
   975     031A                     	;# 
   976     0394                     	;# 
   977     0395                     	;# 
   978     0396                     	;# 
   979     039A                     	;# 
   980     039C                     	;# 
   981     039D                     	;# 
   982     039E                     	;# 
   983     039F                     	;# 
   984     0415                     	;# 
   985     0416                     	;# 
   986     0417                     	;# 
   987     041C                     	;# 
   988     041D                     	;# 
   989     041E                     	;# 
   990     0FE4                     	;# 
   991     0FE5                     	;# 
   992     0FE6                     	;# 
   993     0FE7                     	;# 
   994     0FE8                     	;# 
   995     0FE9                     	;# 
   996     0FEA                     	;# 
   997     0FEB                     	;# 
   998     0FED                     	;# 
   999     0FEE                     	;# 
  1000     0FEF                     	;# 
  1001                           
  1002                           	psect	nvCOMMON
  1003     0074                     __pnvCOMMON:
  1004     0074                     _v:
  1005     0074                     	ds	2
  1006     0063                     _RA3	set	99
  1007     009D                     _ADCON0bits	set	157
  1008     009D                     _ADCON0	set	157
  1009     009C                     _ADRESH	set	156
  1010     009B                     _ADRESL	set	155
  1011     009E                     _ADCON1	set	158
  1012     0097                     _WDTCON	set	151
  1013     0098                     _OSCTUNE	set	152
  1014     0099                     _OSCCON	set	153
  1015     0095                     _OPTION_REGbits	set	149
  1016     008D                     _TRISB	set	141
  1017     008C                     _TRISA	set	140
  1018     0117                     _FVRCONbits	set	279
  1019     0117                     _FVRCON	set	279
  1020     0116                     _BORCON	set	278
  1021     011E                     _APFCON1	set	286
  1022     011D                     _APFCON0	set	285
  1023     010D                     _LATB	set	269
  1024     010C                     _LATA	set	268
  1025     018C                     _ANSELA	set	396
  1026     018D                     _ANSELB	set	397
  1027     020C                     _WPUA	set	524
  1028     020D                     _WPUB	set	525
  1029                           
  1030                           	psect	cinit
  1031     07FB                     start_initialization:	
  1032                           ; #config settings
  1033                           
  1034     07FB                     __initialization:
  1035                           
  1036                           ; Clear objects allocated to COMMON
  1037     07FB  01F6               	clrf	__pbssCOMMON& (0+127)
  1038     07FC  01F7               	clrf	(__pbssCOMMON+1)& (0+127)
  1039     07FD                     end_of_initialization:	
  1040                           ;End of C runtime variable initialization code
  1041                           
  1042     07FD                     __end_of__initialization:
  1043     07FD  0020               	movlb	0
  1044     07FE  3187  2FD6         	ljmp	_main	;jump to C main() function
  1045                           
  1046                           	psect	bssCOMMON
  1047     0076                     __pbssCOMMON:
  1048     0076                     _ADC_InterruptHandler:
  1049     0076                     	ds	2
  1050                           
  1051                           	psect	cstackCOMMON
  1052     0070                     __pcstackCOMMON:
  1053     0070                     ?_SYSTEM_Initialize:
  1054     0070                     ??_SYSTEM_Initialize:	
  1055                           ; 1 bytes @ 0x0
  1056                           
  1057     0070                     ?_OSCILLATOR_Initialize:	
  1058                           ; 1 bytes @ 0x0
  1059                           
  1060     0070                     ??_OSCILLATOR_Initialize:	
  1061                           ; 1 bytes @ 0x0
  1062                           
  1063     0070                     ?_WDT_Initialize:	
  1064                           ; 1 bytes @ 0x0
  1065                           
  1066     0070                     ??_WDT_Initialize:	
  1067                           ; 1 bytes @ 0x0
  1068                           
  1069     0070                     ?_FVR_Initialize:	
  1070                           ; 1 bytes @ 0x0
  1071                           
  1072     0070                     ??_FVR_Initialize:	
  1073                           ; 1 bytes @ 0x0
  1074                           
  1075     0070                     ?_ADC_Initialize:	
  1076                           ; 1 bytes @ 0x0
  1077                           
  1078     0070                     ??_ADC_Initialize:	
  1079                           ; 1 bytes @ 0x0
  1080                           
  1081     0070                     ?_PIN_MANAGER_Initialize:	
  1082                           ; 1 bytes @ 0x0
  1083                           
  1084     0070                     ??_PIN_MANAGER_Initialize:	
  1085                           ; 1 bytes @ 0x0
  1086                           
  1087     0070                     ?_main:	
  1088                           ; 1 bytes @ 0x0
  1089                           
  1090     0070                     ?_ADC_GetConversion:	
  1091                           ; 1 bytes @ 0x0
  1092                           
  1093                           
  1094                           ; 2 bytes @ 0x0
  1095     0070                     	ds	2
  1096     0072                     ??_ADC_GetConversion:
  1097                           
  1098                           ; 1 bytes @ 0x2
  1099     0072                     	ds	1
  1100     0073                     ADC_GetConversion@channel:
  1101                           
  1102                           ; 1 bytes @ 0x3
  1103     0073                     	ds	1
  1104     0074                     ??_main:
  1105                           
  1106                           	psect	maintext
  1107     07D6                     __pmaintext:	
  1108                           ; 1 bytes @ 0x4
  1109 ;;
  1110 ;;Main: autosize = 0, tempsize = 0, incstack = 0, save=0
  1111 ;;
  1112 ;; *************** function _main *****************
  1113 ;; Defined at:
  1114 ;;		line 48 in file "main.c"
  1115 ;; Parameters:    Size  Location     Type
  1116 ;;		None
  1117 ;; Auto vars:     Size  Location     Type
  1118 ;;		None
  1119 ;; Return value:  Size  Location     Type
  1120 ;;                  1    wreg      void 
  1121 ;; Registers used:
  1122 ;;		wreg, status,2, status,0, pclath, cstack
  1123 ;; Tracked objects:
  1124 ;;		On entry : B1F/0
  1125 ;;		On exit  : 0/0
  1126 ;;		Unchanged: 0/0
  1127 ;; Data sizes:     COMMON   BANK0   BANK1   BANK2   BANK3   BANK4
  1128 ;;      Params:         0       0       0       0       0       0
  1129 ;;      Locals:         0       0       0       0       0       0
  1130 ;;      Temps:          0       0       0       0       0       0
  1131 ;;      Totals:         0       0       0       0       0       0
  1132 ;;Total ram usage:        0 bytes
  1133 ;; Hardware stack levels required when called: 2
  1134 ;; This function calls:
  1135 ;;		_ADC_GetConversion
  1136 ;;		_SYSTEM_Initialize
  1137 ;; This function is called by:
  1138 ;;		Startup code after reset
  1139 ;; This function uses a non-reentrant model
  1140 ;;
  1141                           
  1142     07D6                     _main:	
  1143                           ;psect for function _main
  1144                           
  1145     07D6                     l811:	
  1146                           ;incstack = 0
  1147                           ; Regs used in _main: [wreg+status,2+status,0+pclath+cstack]
  1148                           
  1149                           
  1150                           ;main.c: 51:     SYSTEM_Initialize();
  1151     07D6  3187  2796  3187   	fcall	_SYSTEM_Initialize
  1152     07D9                     l41:	
  1153                           ;main.c: 68:     while (1)
  1154                           
  1155                           
  1156                           ;main.c: 69:     {;main.c: 70:         v=ADC_GetConversion(channel_AN1);
  1157     07D9  3001               	movlw	1
  1158     07DA  3187  27BC  3187   	fcall	_ADC_GetConversion
  1159     07DD  0871               	movf	?_ADC_GetConversion+1,w
  1160     07DE  00F5               	movwf	_v+1
  1161     07DF  0870               	movf	?_ADC_GetConversion,w
  1162     07E0  00F4               	movwf	_v
  1163     07E1                     l813:
  1164                           
  1165                           ;main.c: 72:         if(v > 600 && v < 900)
  1166     07E1  3002               	movlw	2
  1167     07E2  0275               	subwf	_v+1,w
  1168     07E3  3059               	movlw	89
  1169     07E4  1903               	skipnz
  1170     07E5  0274               	subwf	_v,w
  1171     07E6  1C03               	skipc
  1172     07E7  2FE9               	goto	u51
  1173     07E8  2FEA               	goto	u50
  1174     07E9                     u51:
  1175     07E9  2FF6               	goto	l42
  1176     07EA                     u50:
  1177     07EA                     l815:
  1178     07EA  3003               	movlw	3
  1179     07EB  0275               	subwf	_v+1,w
  1180     07EC  3084               	movlw	132
  1181     07ED  1903               	skipnz
  1182     07EE  0274               	subwf	_v,w
  1183     07EF  1803               	skipnc
  1184     07F0  2FF2               	goto	u61
  1185     07F1  2FF3               	goto	u60
  1186     07F2                     u61:
  1187     07F2  2FF6               	goto	l42
  1188     07F3                     u60:
  1189     07F3                     l817:
  1190                           
  1191                           ;main.c: 73:         {;main.c: 74:             RA3 = 0;
  1192     07F3  0020               	movlb	0	; select bank0
  1193     07F4  118C               	bcf	12,3	;volatile
  1194                           
  1195                           ;main.c: 75:         }
  1196     07F5  2FD9               	goto	l41
  1197     07F6                     l42:	
  1198                           ;main.c: 77:         else
  1199                           
  1200                           
  1201                           ;main.c: 78:         {;main.c: 79:             RA3 = 1;
  1202     07F6  0020               	movlb	0	; select bank0
  1203     07F7  158C               	bsf	12,3	;volatile
  1204     07F8  2FD9               	goto	l41
  1205     07F9  3180  2802         	ljmp	start
  1206     07FB                     __end_of_main:
  1207                           
  1208                           	psect	text1
  1209     0796                     __ptext1:	
  1210 ;; *************** function _SYSTEM_Initialize *****************
  1211 ;; Defined at:
  1212 ;;		line 50 in file "mcc_generated_files/mcc.c"
  1213 ;; Parameters:    Size  Location     Type
  1214 ;;		None
  1215 ;; Auto vars:     Size  Location     Type
  1216 ;;		None
  1217 ;; Return value:  Size  Location     Type
  1218 ;;                  1    wreg      void 
  1219 ;; Registers used:
  1220 ;;		wreg, status,2, status,0, pclath, cstack
  1221 ;; Tracked objects:
  1222 ;;		On entry : 0/0
  1223 ;;		On exit  : 0/0
  1224 ;;		Unchanged: 0/0
  1225 ;; Data sizes:     COMMON   BANK0   BANK1   BANK2   BANK3   BANK4
  1226 ;;      Params:         0       0       0       0       0       0
  1227 ;;      Locals:         0       0       0       0       0       0
  1228 ;;      Temps:          0       0       0       0       0       0
  1229 ;;      Totals:         0       0       0       0       0       0
  1230 ;;Total ram usage:        0 bytes
  1231 ;; Hardware stack levels used: 1
  1232 ;; Hardware stack levels required when called: 1
  1233 ;; This function calls:
  1234 ;;		_ADC_Initialize
  1235 ;;		_FVR_Initialize
  1236 ;;		_OSCILLATOR_Initialize
  1237 ;;		_PIN_MANAGER_Initialize
  1238 ;;		_WDT_Initialize
  1239 ;; This function is called by:
  1240 ;;		_main
  1241 ;; This function uses a non-reentrant model
  1242 ;;
  1243                           
  1244     0796                     _SYSTEM_Initialize:	
  1245                           ;psect for function _SYSTEM_Initialize
  1246                           
  1247     0796                     l757:	
  1248                           ;incstack = 0
  1249                           ; Regs used in _SYSTEM_Initialize: [wreg+status,2+status,0+pclath+cstack]
  1250                           
  1251                           
  1252                           ;mcc_generated_files/mcc.c: 53:     PIN_MANAGER_Initialize();
  1253     0796  3187  27A6  3187   	fcall	_PIN_MANAGER_Initialize
  1254                           
  1255                           ;mcc_generated_files/mcc.c: 54:     OSCILLATOR_Initialize();
  1256     0799  3187  2787  3187   	fcall	_OSCILLATOR_Initialize
  1257                           
  1258                           ;mcc_generated_files/mcc.c: 55:     WDT_Initialize();
  1259     079C  3187  2783  3187   	fcall	_WDT_Initialize
  1260                           
  1261                           ;mcc_generated_files/mcc.c: 56:     FVR_Initialize();
  1262     079F  3187  277F  3187   	fcall	_FVR_Initialize
  1263                           
  1264                           ;mcc_generated_files/mcc.c: 57:     ADC_Initialize();
  1265     07A2  3187  278E  3187   	fcall	_ADC_Initialize
  1266     07A5                     l67:
  1267     07A5  0008               	return
  1268     07A6                     __end_of_SYSTEM_Initialize:
  1269                           
  1270                           	psect	text2
  1271     0783                     __ptext2:	
  1272 ;; *************** function _WDT_Initialize *****************
  1273 ;; Defined at:
  1274 ;;		line 70 in file "mcc_generated_files/mcc.c"
  1275 ;; Parameters:    Size  Location     Type
  1276 ;;		None
  1277 ;; Auto vars:     Size  Location     Type
  1278 ;;		None
  1279 ;; Return value:  Size  Location     Type
  1280 ;;                  1    wreg      void 
  1281 ;; Registers used:
  1282 ;;		wreg
  1283 ;; Tracked objects:
  1284 ;;		On entry : 0/0
  1285 ;;		On exit  : 0/0
  1286 ;;		Unchanged: 0/0
  1287 ;; Data sizes:     COMMON   BANK0   BANK1   BANK2   BANK3   BANK4
  1288 ;;      Params:         0       0       0       0       0       0
  1289 ;;      Locals:         0       0       0       0       0       0
  1290 ;;      Temps:          0       0       0       0       0       0
  1291 ;;      Totals:         0       0       0       0       0       0
  1292 ;;Total ram usage:        0 bytes
  1293 ;; Hardware stack levels used: 1
  1294 ;; This function calls:
  1295 ;;		Nothing
  1296 ;; This function is called by:
  1297 ;;		_SYSTEM_Initialize
  1298 ;; This function uses a non-reentrant model
  1299 ;;
  1300                           
  1301     0783                     _WDT_Initialize:	
  1302                           ;psect for function _WDT_Initialize
  1303                           
  1304     0783                     l747:	
  1305                           ;incstack = 0
  1306                           ; Regs used in _WDT_Initialize: [wreg]
  1307                           
  1308                           
  1309                           ;mcc_generated_files/mcc.c: 73:     WDTCON = 0x16;
  1310     0783  3016               	movlw	22
  1311     0784  0021               	movlb	1	; select bank1
  1312     0785  0097               	movwf	23	;volatile
  1313     0786                     l73:
  1314     0786  0008               	return
  1315     0787                     __end_of_WDT_Initialize:
  1316                           
  1317                           	psect	text3
  1318     07A6                     __ptext3:	
  1319 ;; *************** function _PIN_MANAGER_Initialize *****************
  1320 ;; Defined at:
  1321 ;;		line 55 in file "mcc_generated_files/pin_manager.c"
  1322 ;; Parameters:    Size  Location     Type
  1323 ;;		None
  1324 ;; Auto vars:     Size  Location     Type
  1325 ;;		None
  1326 ;; Return value:  Size  Location     Type
  1327 ;;                  1    wreg      void 
  1328 ;; Registers used:
  1329 ;;		wreg, status,2
  1330 ;; Tracked objects:
  1331 ;;		On entry : 0/0
  1332 ;;		On exit  : 0/0
  1333 ;;		Unchanged: 0/0
  1334 ;; Data sizes:     COMMON   BANK0   BANK1   BANK2   BANK3   BANK4
  1335 ;;      Params:         0       0       0       0       0       0
  1336 ;;      Locals:         0       0       0       0       0       0
  1337 ;;      Temps:          0       0       0       0       0       0
  1338 ;;      Totals:         0       0       0       0       0       0
  1339 ;;Total ram usage:        0 bytes
  1340 ;; Hardware stack levels used: 1
  1341 ;; This function calls:
  1342 ;;		Nothing
  1343 ;; This function is called by:
  1344 ;;		_SYSTEM_Initialize
  1345 ;; This function uses a non-reentrant model
  1346 ;;
  1347                           
  1348     07A6                     _PIN_MANAGER_Initialize:	
  1349                           ;psect for function _PIN_MANAGER_Initialize
  1350                           
  1351     07A6                     l729:	
  1352                           ;incstack = 0
  1353                           ; Regs used in _PIN_MANAGER_Initialize: [wreg+status,2]
  1354                           
  1355                           
  1356                           ;mcc_generated_files/pin_manager.c: 60:     LATA = 0x00;
  1357     07A6  0022               	movlb	2	; select bank2
  1358     07A7  018C               	clrf	12	;volatile
  1359                           
  1360                           ;mcc_generated_files/pin_manager.c: 61:     LATB = 0x00;
  1361     07A8  018D               	clrf	13	;volatile
  1362     07A9                     l731:
  1363                           
  1364                           ;mcc_generated_files/pin_manager.c: 66:     TRISA = 0xF7;
  1365     07A9  30F7               	movlw	247
  1366     07AA  0021               	movlb	1	; select bank1
  1367     07AB  008C               	movwf	12	;volatile
  1368     07AC                     l733:
  1369                           
  1370                           ;mcc_generated_files/pin_manager.c: 67:     TRISB = 0xFF;
  1371     07AC  30FF               	movlw	255
  1372     07AD  008D               	movwf	13	;volatile
  1373     07AE                     l735:
  1374                           
  1375                           ;mcc_generated_files/pin_manager.c: 72:     ANSELB = 0xFE;
  1376     07AE  30FE               	movlw	254
  1377     07AF  0023               	movlb	3	; select bank3
  1378     07B0  008D               	movwf	13	;volatile
  1379     07B1                     l737:
  1380                           
  1381                           ;mcc_generated_files/pin_manager.c: 73:     ANSELA = 0x17;
  1382     07B1  3017               	movlw	23
  1383     07B2  008C               	movwf	12	;volatile
  1384                           
  1385                           ;mcc_generated_files/pin_manager.c: 78:     WPUB = 0x00;
  1386     07B3  0024               	movlb	4	; select bank4
  1387     07B4  018D               	clrf	13	;volatile
  1388                           
  1389                           ;mcc_generated_files/pin_manager.c: 79:     WPUA = 0x00;
  1390     07B5  018C               	clrf	12	;volatile
  1391     07B6                     l739:
  1392                           
  1393                           ;mcc_generated_files/pin_manager.c: 80:     OPTION_REGbits.nWPUEN = 1;
  1394     07B6  0021               	movlb	1	; select bank1
  1395     07B7  1795               	bsf	21,7	;volatile
  1396                           
  1397                           ;mcc_generated_files/pin_manager.c: 86:     APFCON0 = 0x00;
  1398     07B8  0022               	movlb	2	; select bank2
  1399     07B9  019D               	clrf	29	;volatile
  1400                           
  1401                           ;mcc_generated_files/pin_manager.c: 87:     APFCON1 = 0x00;
  1402     07BA  019E               	clrf	30	;volatile
  1403     07BB                     l25:
  1404     07BB  0008               	return
  1405     07BC                     __end_of_PIN_MANAGER_Initialize:
  1406                           
  1407                           	psect	text4
  1408     0787                     __ptext4:	
  1409 ;; *************** function _OSCILLATOR_Initialize *****************
  1410 ;; Defined at:
  1411 ;;		line 60 in file "mcc_generated_files/mcc.c"
  1412 ;; Parameters:    Size  Location     Type
  1413 ;;		None
  1414 ;; Auto vars:     Size  Location     Type
  1415 ;;		None
  1416 ;; Return value:  Size  Location     Type
  1417 ;;                  1    wreg      void 
  1418 ;; Registers used:
  1419 ;;		wreg, status,2
  1420 ;; Tracked objects:
  1421 ;;		On entry : 0/0
  1422 ;;		On exit  : 0/0
  1423 ;;		Unchanged: 0/0
  1424 ;; Data sizes:     COMMON   BANK0   BANK1   BANK2   BANK3   BANK4
  1425 ;;      Params:         0       0       0       0       0       0
  1426 ;;      Locals:         0       0       0       0       0       0
  1427 ;;      Temps:          0       0       0       0       0       0
  1428 ;;      Totals:         0       0       0       0       0       0
  1429 ;;Total ram usage:        0 bytes
  1430 ;; Hardware stack levels used: 1
  1431 ;; This function calls:
  1432 ;;		Nothing
  1433 ;; This function is called by:
  1434 ;;		_SYSTEM_Initialize
  1435 ;; This function uses a non-reentrant model
  1436 ;;
  1437                           
  1438     0787                     _OSCILLATOR_Initialize:	
  1439                           ;psect for function _OSCILLATOR_Initialize
  1440                           
  1441     0787                     l741:	
  1442                           ;incstack = 0
  1443                           ; Regs used in _OSCILLATOR_Initialize: [wreg+status,2]
  1444                           
  1445                           
  1446                           ;mcc_generated_files/mcc.c: 63:     OSCCON = 0x68;
  1447     0787  3068               	movlw	104
  1448     0788  0021               	movlb	1	; select bank1
  1449     0789  0099               	movwf	25	;volatile
  1450     078A                     l743:
  1451                           
  1452                           ;mcc_generated_files/mcc.c: 65:     OSCTUNE = 0x00;
  1453     078A  0198               	clrf	24	;volatile
  1454     078B                     l745:
  1455                           
  1456                           ;mcc_generated_files/mcc.c: 67:     BORCON = 0x00;
  1457     078B  0022               	movlb	2	; select bank2
  1458     078C  0196               	clrf	22	;volatile
  1459     078D                     l70:
  1460     078D  0008               	return
  1461     078E                     __end_of_OSCILLATOR_Initialize:
  1462                           
  1463                           	psect	text5
  1464     077F                     __ptext5:	
  1465 ;; *************** function _FVR_Initialize *****************
  1466 ;; Defined at:
  1467 ;;		line 58 in file "mcc_generated_files/fvr.c"
  1468 ;; Parameters:    Size  Location     Type
  1469 ;;		None
  1470 ;; Auto vars:     Size  Location     Type
  1471 ;;		None
  1472 ;; Return value:  Size  Location     Type
  1473 ;;                  1    wreg      void 
  1474 ;; Registers used:
  1475 ;;		wreg
  1476 ;; Tracked objects:
  1477 ;;		On entry : 0/0
  1478 ;;		On exit  : 0/0
  1479 ;;		Unchanged: 0/0
  1480 ;; Data sizes:     COMMON   BANK0   BANK1   BANK2   BANK3   BANK4
  1481 ;;      Params:         0       0       0       0       0       0
  1482 ;;      Locals:         0       0       0       0       0       0
  1483 ;;      Temps:          0       0       0       0       0       0
  1484 ;;      Totals:         0       0       0       0       0       0
  1485 ;;Total ram usage:        0 bytes
  1486 ;; Hardware stack levels used: 1
  1487 ;; This function calls:
  1488 ;;		Nothing
  1489 ;; This function is called by:
  1490 ;;		_SYSTEM_Initialize
  1491 ;; This function uses a non-reentrant model
  1492 ;;
  1493                           
  1494     077F                     _FVR_Initialize:	
  1495                           ;psect for function _FVR_Initialize
  1496                           
  1497     077F                     l749:	
  1498                           ;incstack = 0
  1499                           ; Regs used in _FVR_Initialize: [wreg]
  1500                           
  1501                           
  1502                           ;mcc_generated_files/fvr.c: 61:     FVRCON = 0x82;
  1503     077F  3082               	movlw	130
  1504     0780  0022               	movlb	2	; select bank2
  1505     0781  0097               	movwf	23	;volatile
  1506     0782                     l118:
  1507     0782  0008               	return
  1508     0783                     __end_of_FVR_Initialize:
  1509                           
  1510                           	psect	text6
  1511     078E                     __ptext6:	
  1512 ;; *************** function _ADC_Initialize *****************
  1513 ;; Defined at:
  1514 ;;		line 67 in file "mcc_generated_files/adc.c"
  1515 ;; Parameters:    Size  Location     Type
  1516 ;;		None
  1517 ;; Auto vars:     Size  Location     Type
  1518 ;;		None
  1519 ;; Return value:  Size  Location     Type
  1520 ;;                  1    wreg      void 
  1521 ;; Registers used:
  1522 ;;		wreg, status,2
  1523 ;; Tracked objects:
  1524 ;;		On entry : 0/0
  1525 ;;		On exit  : 0/0
  1526 ;;		Unchanged: 0/0
  1527 ;; Data sizes:     COMMON   BANK0   BANK1   BANK2   BANK3   BANK4
  1528 ;;      Params:         0       0       0       0       0       0
  1529 ;;      Locals:         0       0       0       0       0       0
  1530 ;;      Temps:          0       0       0       0       0       0
  1531 ;;      Totals:         0       0       0       0       0       0
  1532 ;;Total ram usage:        0 bytes
  1533 ;; Hardware stack levels used: 1
  1534 ;; This function calls:
  1535 ;;		Nothing
  1536 ;; This function is called by:
  1537 ;;		_SYSTEM_Initialize
  1538 ;; This function uses a non-reentrant model
  1539 ;;
  1540                           
  1541     078E                     _ADC_Initialize:	
  1542                           ;psect for function _ADC_Initialize
  1543                           
  1544     078E                     l751:	
  1545                           ;incstack = 0
  1546                           ; Regs used in _ADC_Initialize: [wreg+status,2]
  1547                           
  1548                           
  1549                           ;mcc_generated_files/adc.c: 72:     ADCON1 = 0xC3;
  1550     078E  30C3               	movlw	195
  1551     078F  0021               	movlb	1	; select bank1
  1552     0790  009E               	movwf	30	;volatile
  1553     0791                     l753:
  1554                           
  1555                           ;mcc_generated_files/adc.c: 75:     ADRESL = 0x00;
  1556     0791  019B               	clrf	27	;volatile
  1557     0792                     l755:
  1558                           
  1559                           ;mcc_generated_files/adc.c: 78:     ADRESH = 0x00;
  1560     0792  019C               	clrf	28	;volatile
  1561                           
  1562                           ;mcc_generated_files/adc.c: 81:     ADCON0 = 0x05;
  1563     0793  3005               	movlw	5
  1564     0794  009D               	movwf	29	;volatile
  1565     0795                     l90:
  1566     0795  0008               	return
  1567     0796                     __end_of_ADC_Initialize:
  1568                           
  1569                           	psect	text7
  1570     07BC                     __ptext7:	
  1571 ;; *************** function _ADC_GetConversion *****************
  1572 ;; Defined at:
  1573 ;;		line 112 in file "mcc_generated_files/adc.c"
  1574 ;; Parameters:    Size  Location     Type
  1575 ;;  channel         1    wreg     enum E2495
  1576 ;; Auto vars:     Size  Location     Type
  1577 ;;  channel         1    3[COMMON] enum E2495
  1578 ;; Return value:  Size  Location     Type
  1579 ;;                  2    0[COMMON] unsigned short 
  1580 ;; Registers used:
  1581 ;;		wreg, status,2, status,0
  1582 ;; Tracked objects:
  1583 ;;		On entry : 0/0
  1584 ;;		On exit  : 0/0
  1585 ;;		Unchanged: 0/0
  1586 ;; Data sizes:     COMMON   BANK0   BANK1   BANK2   BANK3   BANK4
  1587 ;;      Params:         2       0       0       0       0       0
  1588 ;;      Locals:         1       0       0       0       0       0
  1589 ;;      Temps:          1       0       0       0       0       0
  1590 ;;      Totals:         4       0       0       0       0       0
  1591 ;;Total ram usage:        4 bytes
  1592 ;; Hardware stack levels used: 1
  1593 ;; This function calls:
  1594 ;;		Nothing
  1595 ;; This function is called by:
  1596 ;;		_main
  1597 ;; This function uses a non-reentrant model
  1598 ;;
  1599                           
  1600     07BC                     _ADC_GetConversion:	
  1601                           ;psect for function _ADC_GetConversion
  1602                           
  1603                           
  1604                           ;incstack = 0
  1605                           ; Regs used in _ADC_GetConversion: [wreg+status,2+status,0]
  1606                           ;ADC_GetConversion@channel stored from wreg
  1607     07BC  00F3               	movwf	ADC_GetConversion@channel
  1608     07BD                     l799:
  1609                           
  1610                           ;mcc_generated_files/adc.c: 112: adc_result_t ADC_GetConversion(adc_channel_t channel);m
      +                          cc_generated_files/adc.c: 113: {;mcc_generated_files/adc.c: 115:     ADCON0bits.CHS = ch
      +                          annel;
  1611     07BD  0873               	movf	ADC_GetConversion@channel,w
  1612     07BE  00F2               	movwf	??_ADC_GetConversion
  1613     07BF  0DF2               	rlf	??_ADC_GetConversion,f
  1614     07C0  0DF2               	rlf	??_ADC_GetConversion,f
  1615     07C1  0021               	movlb	1	; select bank1
  1616     07C2  081D               	movf	29,w	;volatile
  1617     07C3  0672               	xorwf	??_ADC_GetConversion,w
  1618     07C4  3983               	andlw	-125
  1619     07C5  0672               	xorwf	??_ADC_GetConversion,w
  1620     07C6  009D               	movwf	29	;volatile
  1621     07C7                     l801:
  1622                           
  1623                           ;mcc_generated_files/adc.c: 118:     ADCON0bits.ADON = 1;
  1624     07C7  141D               	bsf	29,0	;volatile
  1625     07C8                     l803:
  1626                           
  1627                           ;mcc_generated_files/adc.c: 121:     _delay((unsigned long)((5)*(4000000/4000000.0)));
  1628     07C8  3200               	nop2	;2 cycle nop
  1629     07C9  3200               	nop2	;2 cycle nop
  1630     07CA  0000               	nop
  1631     07CB                     l805:
  1632                           
  1633                           ;mcc_generated_files/adc.c: 124:     ADCON0bits.GO_nDONE = 1;
  1634     07CB  0021               	movlb	1	; select bank1
  1635     07CC  149D               	bsf	29,1	;volatile
  1636     07CD                     l105:	
  1637                           ;mcc_generated_files/adc.c: 128:     {;mcc_generated_files/adc.c: 129:     }
  1638                           
  1639                           
  1640                           ;mcc_generated_files/adc.c: 127:     while (ADCON0bits.GO_nDONE)
  1641     07CD  189D               	btfsc	29,1	;volatile
  1642     07CE  2FD0               	goto	u41
  1643     07CF  2FD1               	goto	u40
  1644     07D0                     u41:
  1645     07D0  2FCD               	goto	l105
  1646     07D1                     u40:
  1647     07D1                     l807:
  1648                           
  1649                           ;mcc_generated_files/adc.c: 132:     return ((adc_result_t)((ADRESH << 8) + ADRESL));
  1650     07D1  081C               	movf	28,w	;volatile
  1651     07D2  00F1               	movwf	?_ADC_GetConversion+1
  1652     07D3  081B               	movf	27,w	;volatile
  1653     07D4  00F0               	movwf	?_ADC_GetConversion
  1654     07D5                     l108:
  1655     07D5  0008               	return
  1656     07D6                     __end_of_ADC_GetConversion:
  1657     007E                     btemp	set	126	;btemp
  1658     007E                     wtemp0	set	126
  1659                           
  1660                           	psect	config
  1661                           
  1662                           ;Config register CONFIG1 @ 0x8007
  1663                           ;	Oscillator Selection
  1664                           ;	FOSC = INTOSC, INTOSC oscillator: I/O function on CLKIN pin
  1665                           ;	Watchdog Timer Enable
  1666                           ;	WDTE = OFF, WDT disabled
  1667                           ;	Power-up Timer Enable
  1668                           ;	PWRTE = OFF, PWRT disabled
  1669                           ;	MCLR Pin Function Select
  1670                           ;	MCLRE = ON, MCLR/VPP pin function is MCLR
  1671                           ;	Flash Program Memory Code Protection
  1672                           ;	CP = OFF, Program memory code protection is disabled
  1673                           ;	Data Memory Code Protection
  1674                           ;	CPD = OFF, Data memory code protection is disabled
  1675                           ;	Brown-out Reset Enable
  1676                           ;	BOREN = ON, Brown-out Reset enabled
  1677                           ;	Clock Out Enable
  1678                           ;	CLKOUTEN = OFF, CLKOUT function is disabled. I/O or oscillator function on the CLKOUT 
      +                          pin
  1679                           ;	Internal/External Switchover
  1680                           ;	IESO = ON, Internal/External Switchover mode is enabled
  1681                           ;	Fail-Safe Clock Monitor Enable
  1682                           ;	FCMEN = ON, Fail-Safe Clock Monitor is enabled
  1683     8007                     	org	32775
  1684     8007  3FE4               	dw	16356
  1685                           
  1686                           ;Config register CONFIG2 @ 0x8008
  1687                           ;	Flash Memory Self-Write Protection
  1688                           ;	WRT = OFF, Write protection off
  1689                           ;	PLL Enable
  1690                           ;	PLLEN = OFF, 4x PLL disabled
  1691                           ;	Stack Overflow/Underflow Reset Enable
  1692                           ;	STVREN = ON, Stack Overflow or Underflow will cause a Reset
  1693                           ;	Brown-out Reset Voltage Selection
  1694                           ;	BORV = LO, Brown-out Reset Voltage (Vbor), low trip point selected.
  1695                           ;	In-Circuit Debugger Mode
  1696                           ;	DEBUG = 0x1, unprogrammed default
  1697                           ;	Low-Voltage Programming Enable
  1698                           ;	LVP = ON, Low-voltage programming enabled
  1699     8008                     	org	32776
  1700     8008  3EFF               	dw	16127

Data Sizes:
    Strings     0
    Constant    0
    Data        0
    BSS         2
    Persistent  34
    Stack       0

Auto Spaces:
    Space          Size  Autos    Used
    COMMON           14      4       8
    BANK0            80      0       0
    BANK1            80      0       0
    BANK2            80      0       0
    BANK3            80      0       0
    BANK4            48      0       0

Pointer List with Targets:

    ADC_InterruptHandler	PTR FTN()void  size(2) Largest target is 1
		 -> NULL(), 


Critical Paths under _main in COMMON

    _main->_ADC_GetConversion

Critical Paths under _main in BANK0

    None.

Critical Paths under _main in BANK1

    None.

Critical Paths under _main in BANK2

    None.

Critical Paths under _main in BANK3

    None.

Critical Paths under _main in BANK4

    None.

Call Graph Tables:

 ---------------------------------------------------------------------------------
 (Depth) Function   	        Calls       Base Space   Used Autos Params    Refs
 ---------------------------------------------------------------------------------
 (0) _main                                                 0     0      0      22
                  _ADC_GetConversion
                  _SYSTEM_Initialize
 ---------------------------------------------------------------------------------
 (1) _SYSTEM_Initialize                                    0     0      0       0
                     _ADC_Initialize
                     _FVR_Initialize
              _OSCILLATOR_Initialize
             _PIN_MANAGER_Initialize
                     _WDT_Initialize
 ---------------------------------------------------------------------------------
 (2) _WDT_Initialize                                       0     0      0       0
 ---------------------------------------------------------------------------------
 (2) _PIN_MANAGER_Initialize                               0     0      0       0
 ---------------------------------------------------------------------------------
 (2) _OSCILLATOR_Initialize                                0     0      0       0
 ---------------------------------------------------------------------------------
 (2) _FVR_Initialize                                       0     0      0       0
 ---------------------------------------------------------------------------------
 (2) _ADC_Initialize                                       0     0      0       0
 ---------------------------------------------------------------------------------
 (1) _ADC_GetConversion                                    4     2      2      22
                                              0 COMMON     4     2      2
 ---------------------------------------------------------------------------------
 Estimated maximum stack depth 2
 ---------------------------------------------------------------------------------

 Call Graph Graphs:

 _main (ROOT)
   _ADC_GetConversion
   _SYSTEM_Initialize
     _ADC_Initialize
     _FVR_Initialize
     _OSCILLATOR_Initialize
     _PIN_MANAGER_Initialize
     _WDT_Initialize

 Address spaces:
Name               Size   Autos  Total    Cost      Usage
BIGRAM             170      0       0       0        0.0%
EEDATA             100      0       0       0        0.0%
NULL                 0      0       0       0        0.0%
CODE                 0      0       0       0        0.0%
BITCOMMON            E      0       0       1        0.0%
BITSFR0              0      0       0       1        0.0%
SFR0                 0      0       0       1        0.0%
COMMON               E      4       8       2       57.1%
BITSFR1              0      0       0       2        0.0%
SFR1                 0      0       0       2        0.0%
BITSFR2              0      0       0       3        0.0%
SFR2                 0      0       0       3        0.0%
STACK                0      0       0       3        0.0%
BITSFR3              0      0       0       4        0.0%
SFR3                 0      0       0       4        0.0%
ABS                  0      0       8       4        0.0%
BITBANK0            50      0       0       5        0.0%
BITSFR4              0      0       0       5        0.0%
SFR4                 0      0       0       5        0.0%
BANK0               50      0       0       6        0.0%
BITSFR5              0      0       0       6        0.0%
SFR5                 0      0       0       6        0.0%
BITBANK1            50      0       0       7        0.0%
BITSFR6              0      0       0       7        0.0%
SFR6                 0      0       0       7        0.0%
BANK1               50      0       0       8        0.0%
BITSFR7              0      0       0       8        0.0%
SFR7                 0      0       0       8        0.0%
BITBANK2            50      0       0       9        0.0%
BITSFR8              0      0       0       9        0.0%
SFR8                 0      0       0       9        0.0%
BANK2               50      0       0      10        0.0%
BITSFR9              0      0       0      10        0.0%
SFR9                 0      0       0      10        0.0%
BITBANK3            50      0       0      11        0.0%
BITSFR10             0      0       0      11        0.0%
SFR10                0      0       0      11        0.0%
BANK3               50      0       0      12        0.0%
BITSFR11             0      0       0      12        0.0%
SFR11                0      0       0      12        0.0%
BITBANK4            30      0       0      13        0.0%
BITSFR12             0      0       0      13        0.0%
SFR12                0      0       0      13        0.0%
BANK4               30      0       0      14        0.0%
BITSFR13             0      0       0      14        0.0%
SFR13                0      0       0      14        0.0%
BITSFR14             0      0       0      15        0.0%
SFR14                0      0       0      15        0.0%
DATA                 0      0       8      15        0.0%
BITSFR15             0      0       0      16        0.0%
SFR15                0      0       0      16        0.0%
BITSFR16             0      0       0      17        0.0%
SFR16                0      0       0      17        0.0%
BITSFR17             0      0       0      18        0.0%
SFR17                0      0       0      18        0.0%
BITSFR18             0      0       0      19        0.0%
SFR18                0      0       0      19        0.0%
BITSFR19             0      0       0      20        0.0%
SFR19                0      0       0      20        0.0%
BITSFR20             0      0       0      21        0.0%
SFR20                0      0       0      21        0.0%
BITSFR21             0      0       0      22        0.0%
SFR21                0      0       0      22        0.0%
BITSFR22             0      0       0      23        0.0%
SFR22                0      0       0      23        0.0%
BITSFR23             0      0       0      24        0.0%
SFR23                0      0       0      24        0.0%
BITSFR24             0      0       0      25        0.0%
SFR24                0      0       0      25        0.0%
BITSFR25             0      0       0      26        0.0%
SFR25                0      0       0      26        0.0%
BITSFR26             0      0       0      27        0.0%
SFR26                0      0       0      27        0.0%
BITSFR27             0      0       0      28        0.0%
SFR27                0      0       0      28        0.0%
BITSFR28             0      0       0      29        0.0%
SFR28                0      0       0      29        0.0%
BITSFR29             0      0       0      30        0.0%
SFR29                0      0       0      30        0.0%
BITSFR30             0      0       0      31        0.0%
SFR30                0      0       0      31        0.0%
BITSFR31             0      0       0      32        0.0%
SFR31                0      0       0      32        0.0%


Microchip Technology PIC Macro Assembler V2.45 build 20230818022343 
Symbol Table                                                                                   Thu Oct 19 18:11:46 2023

                             _v 0074                              l25 07BB                              l41 07D9  
                            l42 07F6                              l70 078D                              l73 0786  
                            l90 0795                              l67 07A5                              u40 07D1  
                            u41 07D0                              u50 07EA                              u51 07E9  
                            u60 07F3                              u61 07F2          __end_of_FVR_Initialize 0783  
                           l105 07CD                             l108 07D5                             l118 0782  
                           l801 07C7                             l803 07C8                             l731 07A9  
                           l811 07D6                             l805 07CB                             l741 0787  
                           l733 07AC                             l813 07E1                             l807 07D1  
                           l751 078E                             l743 078A                             l735 07AE  
                           l815 07EA                             l753 0791                             l745 078B  
                           l737 07B1                             l729 07A6                             l817 07F3  
                           l755 0792                             l739 07B6                             l747 0783  
                           l749 077F                             l757 0796                             l799 07BD  
                           _RA3 0063                            _LATA 010C                            _LATB 010D  
                          _WPUA 020C                            _WPUB 020D                            _main 07D6  
                          btemp 007E                            start 0002                 ?_FVR_Initialize 0070  
 __end_of_OSCILLATOR_Initialize 078E                           ?_main 0070                           _TRISA 008C  
                         _TRISB 008D                  _WDT_Initialize 0783                           wtemp0 007E  
               __initialization 07FB                    __end_of_main 07FB                          ??_main 0074  
        __end_of_WDT_Initialize 0787                          _ADCON0 009D                          _ADCON1 009E  
                        _ADRESH 009C                          _ADRESL 009B                          _ANSELA 018C  
                        _ANSELB 018D                          _BORCON 0116                          _FVRCON 0117  
                        _OSCCON 0099                          _WDTCON 0097                 ?_WDT_Initialize 0070  
      ADC_GetConversion@channel 0073               _SYSTEM_Initialize 0796         __end_of__initialization 07FD  
            ?_SYSTEM_Initialize 0070                  __pcstackCOMMON 0070             ??_SYSTEM_Initialize 0070  
                _OPTION_REGbits 0095       __end_of_SYSTEM_Initialize 07A6                      __pnvCOMMON 0074  
              ??_FVR_Initialize 0070                      __pmaintext 07D6                         _APFCON0 011D  
                       _APFCON1 011E                         _OSCTUNE 0098            _ADC_InterruptHandler 0076  
                       __ptext1 0796                         __ptext2 0783                         __ptext3 07A6  
                       __ptext4 0787                         __ptext5 077F                         __ptext6 078E  
                       __ptext7 07BC           _OSCILLATOR_Initialize 0787        ??_PIN_MANAGER_Initialize 0070  
          end_of_initialization 07FD                ??_WDT_Initialize 0070                  _ADC_Initialize 078E  
        ?_OSCILLATOR_Initialize 0070             start_initialization 07FB          __end_of_ADC_Initialize 0796  
                   __pbssCOMMON 0076                       ___latbits 0001          _PIN_MANAGER_Initialize 07A6  
               ?_ADC_Initialize 0070                      _ADCON0bits 009D               _ADC_GetConversion 07BC  
       ??_OSCILLATOR_Initialize 0070              ?_ADC_GetConversion 0070             ??_ADC_GetConversion 0072  
     __end_of_ADC_GetConversion 07D6                      _FVRCONbits 0117         ?_PIN_MANAGER_Initialize 0070  
              ??_ADC_Initialize 0070                  _FVR_Initialize 077F  __end_of_PIN_MANAGER_Initialize 07BC  
