

Microchip MPLAB XC8 Assembler V2.45 build 20230818022343 
                                                                                               Thu Oct 19 18:02:08 2023

Microchip MPLAB XC8 C Compiler v2.45 (Free license) build 20230818022343 Og1 
     1                           	processor	16F1827
     2                           	pagewidth 120
     3                           	opt	flic
     4                           	psect	cinit,global,class=CODE,merge=1,delta=2
     5                           	psect	cstackCOMMON,global,class=COMMON,space=1,delta=1,noexec
     6                           	psect	maintext,global,class=CODE,merge=1,split=1,delta=2
     7                           	psect	text1,local,class=CODE,merge=1,delta=2
     8                           	psect	text2,local,class=CODE,merge=1,delta=2
     9                           	psect	text3,local,class=CODE,merge=1,delta=2
    10                           	psect	text4,local,class=CODE,merge=1,delta=2
    11                           	psect	text5,local,class=CODE,merge=1,delta=2
    12                           	psect	text6,local,class=CODE,merge=1,delta=2
    13                           	psect	config,global,abs,ovrld,class=CONFIG,space=4,delta=2,noexec
    14                           	dabs	1,0x7E,2
    15     0000                     
    16                           ; Generated 06/07/2023 GMT
    17                           ; 
    18                           ; Copyright © 2023, Microchip Technology Inc. and its subsidiaries ("Microchip")
    19                           ; All rights reserved.
    20                           ; 
    21                           ; This software is developed by Microchip Technology Inc. and its subsidiaries ("Microch
      +                          ip").
    22                           ; 
    23                           ; Redistribution and use in source and binary forms, with or without modification, are
    24                           ; permitted provided that the following conditions are met:
    25                           ; 
    26                           ;     1. Redistributions of source code must retain the above copyright notice, this lis
      +                          t of
    27                           ;        conditions and the following disclaimer.
    28                           ; 
    29                           ;     2. Redistributions in binary form must reproduce the above copyright notice, this 
      +                          list
    30                           ;        of conditions and the following disclaimer in the documentation and/or other
    31                           ;        materials provided with the distribution. Publication is not required when
    32                           ;        this file is used in an embedded application.
    33                           ; 
    34                           ;     3. Microchip's name may not be used to endorse or promote products derived from th
      +                          is
    35                           ;        software without specific prior written permission.
    36                           ; 
    37                           ; THIS SOFTWARE IS PROVIDED BY MICROCHIP "AS IS" AND ANY EXPRESS OR IMPLIED WARRANTIES,
    38                           ; INCLUDING, BUT NOT LIMITED TO, THE IMPLIED WARRANTIES OF MERCHANTABILITY AND FITNESS F
      +                          OR
    39                           ; PURPOSE ARE DISCLAIMED.  IN NO EVENT SHALL MICROCHIP BE LIABLE FOR ANY DIRECT, INDIREC
      +                          T,
    40                           ; INCIDENTAL, SPECIAL, EXEMPLARY, OR CONSEQUENTIAL DAMAGES (INCLUDING BUT NOT LIMITED TO
    41                           ; PROCUREMENT OF SUBSTITUTE GOODS OR SERVICES; LOSS OF USE, DATA OR PROFITS; OR BUSINESS
    42                           ; INTERRUPTION) HOWSOEVER CAUSED AND ON ANY THEORY OF LIABILITY, WHETHER IN CONTRACT, ST
      +                          RICT
    43                           ; LIABILITY, OR TORT (INCLUDING NEGLIGENCE OR OTHERWISE) ARISING IN ANY WAY OUT OF THE U
      +                          SE OF
    44                           ; THIS SOFTWARE, EVEN IF ADVISED OF THE POSSIBILITY OF SUCH DAMAGE.
    45                           ; 
    46                           ; 
    47                           ; Code-generator required, PIC16F1827 Definitions
    48                           ; 
    49                           ; SFR Addresses
    50     0000                     	;# 
    51     0001                     	;# 
    52     0002                     	;# 
    53     0003                     	;# 
    54     0004                     	;# 
    55     0005                     	;# 
    56     0006                     	;# 
    57     0007                     	;# 
    58     0008                     	;# 
    59     0009                     	;# 
    60     000A                     	;# 
    61     000B                     	;# 
    62     000C                     	;# 
    63     000D                     	;# 
    64     0011                     	;# 
    65     0012                     	;# 
    66     0013                     	;# 
    67     0014                     	;# 
    68     0015                     	;# 
    69     0016                     	;# 
    70     0016                     	;# 
    71     0017                     	;# 
    72     0018                     	;# 
    73     0019                     	;# 
    74     001A                     	;# 
    75     001B                     	;# 
    76     001C                     	;# 
    77     001E                     	;# 
    78     001F                     	;# 
    79     008C                     	;# 
    80     008D                     	;# 
    81     0091                     	;# 
    82     0092                     	;# 
    83     0093                     	;# 
    84     0094                     	;# 
    85     0095                     	;# 
    86     0096                     	;# 
    87     0097                     	;# 
    88     0098                     	;# 
    89     0099                     	;# 
    90     009A                     	;# 
    91     009B                     	;# 
    92     009B                     	;# 
    93     009C                     	;# 
    94     009D                     	;# 
    95     009E                     	;# 
    96     010C                     	;# 
    97     010D                     	;# 
    98     0111                     	;# 
    99     0112                     	;# 
   100     0113                     	;# 
   101     0114                     	;# 
   102     0115                     	;# 
   103     0116                     	;# 
   104     0117                     	;# 
   105     0118                     	;# 
   106     0119                     	;# 
   107     011A                     	;# 
   108     011B                     	;# 
   109     011D                     	;# 
   110     011E                     	;# 
   111     018C                     	;# 
   112     018D                     	;# 
   113     0191                     	;# 
   114     0191                     	;# 
   115     0192                     	;# 
   116     0193                     	;# 
   117     0193                     	;# 
   118     0193                     	;# 
   119     0194                     	;# 
   120     0195                     	;# 
   121     0196                     	;# 
   122     0199                     	;# 
   123     019A                     	;# 
   124     019B                     	;# 
   125     019B                     	;# 
   126     019B                     	;# 
   127     019B                     	;# 
   128     019C                     	;# 
   129     019C                     	;# 
   130     019D                     	;# 
   131     019E                     	;# 
   132     019F                     	;# 
   133     020C                     	;# 
   134     020D                     	;# 
   135     0211                     	;# 
   136     0211                     	;# 
   137     0212                     	;# 
   138     0212                     	;# 
   139     0213                     	;# 
   140     0213                     	;# 
   141     0214                     	;# 
   142     0214                     	;# 
   143     0215                     	;# 
   144     0215                     	;# 
   145     0215                     	;# 
   146     0216                     	;# 
   147     0216                     	;# 
   148     0217                     	;# 
   149     0217                     	;# 
   150     0219                     	;# 
   151     021A                     	;# 
   152     021B                     	;# 
   153     021C                     	;# 
   154     021D                     	;# 
   155     021E                     	;# 
   156     021F                     	;# 
   157     0291                     	;# 
   158     0291                     	;# 
   159     0292                     	;# 
   160     0293                     	;# 
   161     0294                     	;# 
   162     0295                     	;# 
   163     0295                     	;# 
   164     0296                     	;# 
   165     0298                     	;# 
   166     0298                     	;# 
   167     0299                     	;# 
   168     029A                     	;# 
   169     029B                     	;# 
   170     029C                     	;# 
   171     029C                     	;# 
   172     029D                     	;# 
   173     029E                     	;# 
   174     029E                     	;# 
   175     0311                     	;# 
   176     0311                     	;# 
   177     0312                     	;# 
   178     0313                     	;# 
   179     0318                     	;# 
   180     0318                     	;# 
   181     0319                     	;# 
   182     031A                     	;# 
   183     0394                     	;# 
   184     0395                     	;# 
   185     0396                     	;# 
   186     039A                     	;# 
   187     039C                     	;# 
   188     039D                     	;# 
   189     039E                     	;# 
   190     039F                     	;# 
   191     0415                     	;# 
   192     0416                     	;# 
   193     0417                     	;# 
   194     041C                     	;# 
   195     041D                     	;# 
   196     041E                     	;# 
   197     0FE4                     	;# 
   198     0FE5                     	;# 
   199     0FE6                     	;# 
   200     0FE7                     	;# 
   201     0FE8                     	;# 
   202     0FE9                     	;# 
   203     0FEA                     	;# 
   204     0FEB                     	;# 
   205     0FED                     	;# 
   206     0FEE                     	;# 
   207     0FEF                     	;# 
   208     0000                     	;# 
   209     0001                     	;# 
   210     0002                     	;# 
   211     0003                     	;# 
   212     0004                     	;# 
   213     0005                     	;# 
   214     0006                     	;# 
   215     0007                     	;# 
   216     0008                     	;# 
   217     0009                     	;# 
   218     000A                     	;# 
   219     000B                     	;# 
   220     000C                     	;# 
   221     000D                     	;# 
   222     0011                     	;# 
   223     0012                     	;# 
   224     0013                     	;# 
   225     0014                     	;# 
   226     0015                     	;# 
   227     0016                     	;# 
   228     0016                     	;# 
   229     0017                     	;# 
   230     0018                     	;# 
   231     0019                     	;# 
   232     001A                     	;# 
   233     001B                     	;# 
   234     001C                     	;# 
   235     001E                     	;# 
   236     001F                     	;# 
   237     008C                     	;# 
   238     008D                     	;# 
   239     0091                     	;# 
   240     0092                     	;# 
   241     0093                     	;# 
   242     0094                     	;# 
   243     0095                     	;# 
   244     0096                     	;# 
   245     0097                     	;# 
   246     0098                     	;# 
   247     0099                     	;# 
   248     009A                     	;# 
   249     009B                     	;# 
   250     009B                     	;# 
   251     009C                     	;# 
   252     009D                     	;# 
   253     009E                     	;# 
   254     010C                     	;# 
   255     010D                     	;# 
   256     0111                     	;# 
   257     0112                     	;# 
   258     0113                     	;# 
   259     0114                     	;# 
   260     0115                     	;# 
   261     0116                     	;# 
   262     0117                     	;# 
   263     0118                     	;# 
   264     0119                     	;# 
   265     011A                     	;# 
   266     011B                     	;# 
   267     011D                     	;# 
   268     011E                     	;# 
   269     018C                     	;# 
   270     018D                     	;# 
   271     0191                     	;# 
   272     0191                     	;# 
   273     0192                     	;# 
   274     0193                     	;# 
   275     0193                     	;# 
   276     0193                     	;# 
   277     0194                     	;# 
   278     0195                     	;# 
   279     0196                     	;# 
   280     0199                     	;# 
   281     019A                     	;# 
   282     019B                     	;# 
   283     019B                     	;# 
   284     019B                     	;# 
   285     019B                     	;# 
   286     019C                     	;# 
   287     019C                     	;# 
   288     019D                     	;# 
   289     019E                     	;# 
   290     019F                     	;# 
   291     020C                     	;# 
   292     020D                     	;# 
   293     0211                     	;# 
   294     0211                     	;# 
   295     0212                     	;# 
   296     0212                     	;# 
   297     0213                     	;# 
   298     0213                     	;# 
   299     0214                     	;# 
   300     0214                     	;# 
   301     0215                     	;# 
   302     0215                     	;# 
   303     0215                     	;# 
   304     0216                     	;# 
   305     0216                     	;# 
   306     0217                     	;# 
   307     0217                     	;# 
   308     0219                     	;# 
   309     021A                     	;# 
   310     021B                     	;# 
   311     021C                     	;# 
   312     021D                     	;# 
   313     021E                     	;# 
   314     021F                     	;# 
   315     0291                     	;# 
   316     0291                     	;# 
   317     0292                     	;# 
   318     0293                     	;# 
   319     0294                     	;# 
   320     0295                     	;# 
   321     0295                     	;# 
   322     0296                     	;# 
   323     0298                     	;# 
   324     0298                     	;# 
   325     0299                     	;# 
   326     029A                     	;# 
   327     029B                     	;# 
   328     029C                     	;# 
   329     029C                     	;# 
   330     029D                     	;# 
   331     029E                     	;# 
   332     029E                     	;# 
   333     0311                     	;# 
   334     0311                     	;# 
   335     0312                     	;# 
   336     0313                     	;# 
   337     0318                     	;# 
   338     0318                     	;# 
   339     0319                     	;# 
   340     031A                     	;# 
   341     0394                     	;# 
   342     0395                     	;# 
   343     0396                     	;# 
   344     039A                     	;# 
   345     039C                     	;# 
   346     039D                     	;# 
   347     039E                     	;# 
   348     039F                     	;# 
   349     0415                     	;# 
   350     0416                     	;# 
   351     0417                     	;# 
   352     041C                     	;# 
   353     041D                     	;# 
   354     041E                     	;# 
   355     0FE4                     	;# 
   356     0FE5                     	;# 
   357     0FE6                     	;# 
   358     0FE7                     	;# 
   359     0FE8                     	;# 
   360     0FE9                     	;# 
   361     0FEA                     	;# 
   362     0FEB                     	;# 
   363     0FED                     	;# 
   364     0FEE                     	;# 
   365     0FEF                     	;# 
   366     0000                     	;# 
   367     0001                     	;# 
   368     0002                     	;# 
   369     0003                     	;# 
   370     0004                     	;# 
   371     0005                     	;# 
   372     0006                     	;# 
   373     0007                     	;# 
   374     0008                     	;# 
   375     0009                     	;# 
   376     000A                     	;# 
   377     000B                     	;# 
   378     000C                     	;# 
   379     000D                     	;# 
   380     0011                     	;# 
   381     0012                     	;# 
   382     0013                     	;# 
   383     0014                     	;# 
   384     0015                     	;# 
   385     0016                     	;# 
   386     0016                     	;# 
   387     0017                     	;# 
   388     0018                     	;# 
   389     0019                     	;# 
   390     001A                     	;# 
   391     001B                     	;# 
   392     001C                     	;# 
   393     001E                     	;# 
   394     001F                     	;# 
   395     008C                     	;# 
   396     008D                     	;# 
   397     0091                     	;# 
   398     0092                     	;# 
   399     0093                     	;# 
   400     0094                     	;# 
   401     0095                     	;# 
   402     0096                     	;# 
   403     0097                     	;# 
   404     0098                     	;# 
   405     0099                     	;# 
   406     009A                     	;# 
   407     009B                     	;# 
   408     009B                     	;# 
   409     009C                     	;# 
   410     009D                     	;# 
   411     009E                     	;# 
   412     010C                     	;# 
   413     010D                     	;# 
   414     0111                     	;# 
   415     0112                     	;# 
   416     0113                     	;# 
   417     0114                     	;# 
   418     0115                     	;# 
   419     0116                     	;# 
   420     0117                     	;# 
   421     0118                     	;# 
   422     0119                     	;# 
   423     011A                     	;# 
   424     011B                     	;# 
   425     011D                     	;# 
   426     011E                     	;# 
   427     018C                     	;# 
   428     018D                     	;# 
   429     0191                     	;# 
   430     0191                     	;# 
   431     0192                     	;# 
   432     0193                     	;# 
   433     0193                     	;# 
   434     0193                     	;# 
   435     0194                     	;# 
   436     0195                     	;# 
   437     0196                     	;# 
   438     0199                     	;# 
   439     019A                     	;# 
   440     019B                     	;# 
   441     019B                     	;# 
   442     019B                     	;# 
   443     019B                     	;# 
   444     019C                     	;# 
   445     019C                     	;# 
   446     019D                     	;# 
   447     019E                     	;# 
   448     019F                     	;# 
   449     020C                     	;# 
   450     020D                     	;# 
   451     0211                     	;# 
   452     0211                     	;# 
   453     0212                     	;# 
   454     0212                     	;# 
   455     0213                     	;# 
   456     0213                     	;# 
   457     0214                     	;# 
   458     0214                     	;# 
   459     0215                     	;# 
   460     0215                     	;# 
   461     0215                     	;# 
   462     0216                     	;# 
   463     0216                     	;# 
   464     0217                     	;# 
   465     0217                     	;# 
   466     0219                     	;# 
   467     021A                     	;# 
   468     021B                     	;# 
   469     021C                     	;# 
   470     021D                     	;# 
   471     021E                     	;# 
   472     021F                     	;# 
   473     0291                     	;# 
   474     0291                     	;# 
   475     0292                     	;# 
   476     0293                     	;# 
   477     0294                     	;# 
   478     0295                     	;# 
   479     0295                     	;# 
   480     0296                     	;# 
   481     0298                     	;# 
   482     0298                     	;# 
   483     0299                     	;# 
   484     029A                     	;# 
   485     029B                     	;# 
   486     029C                     	;# 
   487     029C                     	;# 
   488     029D                     	;# 
   489     029E                     	;# 
   490     029E                     	;# 
   491     0311                     	;# 
   492     0311                     	;# 
   493     0312                     	;# 
   494     0313                     	;# 
   495     0318                     	;# 
   496     0318                     	;# 
   497     0319                     	;# 
   498     031A                     	;# 
   499     0394                     	;# 
   500     0395                     	;# 
   501     0396                     	;# 
   502     039A                     	;# 
   503     039C                     	;# 
   504     039D                     	;# 
   505     039E                     	;# 
   506     039F                     	;# 
   507     0415                     	;# 
   508     0416                     	;# 
   509     0417                     	;# 
   510     041C                     	;# 
   511     041D                     	;# 
   512     041E                     	;# 
   513     0FE4                     	;# 
   514     0FE5                     	;# 
   515     0FE6                     	;# 
   516     0FE7                     	;# 
   517     0FE8                     	;# 
   518     0FE9                     	;# 
   519     0FEA                     	;# 
   520     0FEB                     	;# 
   521     0FED                     	;# 
   522     0FEE                     	;# 
   523     0FEF                     	;# 
   524     0000                     	;# 
   525     0001                     	;# 
   526     0002                     	;# 
   527     0003                     	;# 
   528     0004                     	;# 
   529     0005                     	;# 
   530     0006                     	;# 
   531     0007                     	;# 
   532     0008                     	;# 
   533     0009                     	;# 
   534     000A                     	;# 
   535     000B                     	;# 
   536     000C                     	;# 
   537     000D                     	;# 
   538     0011                     	;# 
   539     0012                     	;# 
   540     0013                     	;# 
   541     0014                     	;# 
   542     0015                     	;# 
   543     0016                     	;# 
   544     0016                     	;# 
   545     0017                     	;# 
   546     0018                     	;# 
   547     0019                     	;# 
   548     001A                     	;# 
   549     001B                     	;# 
   550     001C                     	;# 
   551     001E                     	;# 
   552     001F                     	;# 
   553     008C                     	;# 
   554     008D                     	;# 
   555     0091                     	;# 
   556     0092                     	;# 
   557     0093                     	;# 
   558     0094                     	;# 
   559     0095                     	;# 
   560     0096                     	;# 
   561     0097                     	;# 
   562     0098                     	;# 
   563     0099                     	;# 
   564     009A                     	;# 
   565     009B                     	;# 
   566     009B                     	;# 
   567     009C                     	;# 
   568     009D                     	;# 
   569     009E                     	;# 
   570     010C                     	;# 
   571     010D                     	;# 
   572     0111                     	;# 
   573     0112                     	;# 
   574     0113                     	;# 
   575     0114                     	;# 
   576     0115                     	;# 
   577     0116                     	;# 
   578     0117                     	;# 
   579     0118                     	;# 
   580     0119                     	;# 
   581     011A                     	;# 
   582     011B                     	;# 
   583     011D                     	;# 
   584     011E                     	;# 
   585     018C                     	;# 
   586     018D                     	;# 
   587     0191                     	;# 
   588     0191                     	;# 
   589     0192                     	;# 
   590     0193                     	;# 
   591     0193                     	;# 
   592     0193                     	;# 
   593     0194                     	;# 
   594     0195                     	;# 
   595     0196                     	;# 
   596     0199                     	;# 
   597     019A                     	;# 
   598     019B                     	;# 
   599     019B                     	;# 
   600     019B                     	;# 
   601     019B                     	;# 
   602     019C                     	;# 
   603     019C                     	;# 
   604     019D                     	;# 
   605     019E                     	;# 
   606     019F                     	;# 
   607     020C                     	;# 
   608     020D                     	;# 
   609     0211                     	;# 
   610     0211                     	;# 
   611     0212                     	;# 
   612     0212                     	;# 
   613     0213                     	;# 
   614     0213                     	;# 
   615     0214                     	;# 
   616     0214                     	;# 
   617     0215                     	;# 
   618     0215                     	;# 
   619     0215                     	;# 
   620     0216                     	;# 
   621     0216                     	;# 
   622     0217                     	;# 
   623     0217                     	;# 
   624     0219                     	;# 
   625     021A                     	;# 
   626     021B                     	;# 
   627     021C                     	;# 
   628     021D                     	;# 
   629     021E                     	;# 
   630     021F                     	;# 
   631     0291                     	;# 
   632     0291                     	;# 
   633     0292                     	;# 
   634     0293                     	;# 
   635     0294                     	;# 
   636     0295                     	;# 
   637     0295                     	;# 
   638     0296                     	;# 
   639     0298                     	;# 
   640     0298                     	;# 
   641     0299                     	;# 
   642     029A                     	;# 
   643     029B                     	;# 
   644     029C                     	;# 
   645     029C                     	;# 
   646     029D                     	;# 
   647     029E                     	;# 
   648     029E                     	;# 
   649     0311                     	;# 
   650     0311                     	;# 
   651     0312                     	;# 
   652     0313                     	;# 
   653     0318                     	;# 
   654     0318                     	;# 
   655     0319                     	;# 
   656     031A                     	;# 
   657     0394                     	;# 
   658     0395                     	;# 
   659     0396                     	;# 
   660     039A                     	;# 
   661     039C                     	;# 
   662     039D                     	;# 
   663     039E                     	;# 
   664     039F                     	;# 
   665     0415                     	;# 
   666     0416                     	;# 
   667     0417                     	;# 
   668     041C                     	;# 
   669     041D                     	;# 
   670     041E                     	;# 
   671     0FE4                     	;# 
   672     0FE5                     	;# 
   673     0FE6                     	;# 
   674     0FE7                     	;# 
   675     0FE8                     	;# 
   676     0FE9                     	;# 
   677     0FEA                     	;# 
   678     0FEB                     	;# 
   679     0FED                     	;# 
   680     0FEE                     	;# 
   681     0FEF                     	;# 
   682     0000                     	;# 
   683     0001                     	;# 
   684     0002                     	;# 
   685     0003                     	;# 
   686     0004                     	;# 
   687     0005                     	;# 
   688     0006                     	;# 
   689     0007                     	;# 
   690     0008                     	;# 
   691     0009                     	;# 
   692     000A                     	;# 
   693     000B                     	;# 
   694     000C                     	;# 
   695     000D                     	;# 
   696     0011                     	;# 
   697     0012                     	;# 
   698     0013                     	;# 
   699     0014                     	;# 
   700     0015                     	;# 
   701     0016                     	;# 
   702     0016                     	;# 
   703     0017                     	;# 
   704     0018                     	;# 
   705     0019                     	;# 
   706     001A                     	;# 
   707     001B                     	;# 
   708     001C                     	;# 
   709     001E                     	;# 
   710     001F                     	;# 
   711     008C                     	;# 
   712     008D                     	;# 
   713     0091                     	;# 
   714     0092                     	;# 
   715     0093                     	;# 
   716     0094                     	;# 
   717     0095                     	;# 
   718     0096                     	;# 
   719     0097                     	;# 
   720     0098                     	;# 
   721     0099                     	;# 
   722     009A                     	;# 
   723     009B                     	;# 
   724     009B                     	;# 
   725     009C                     	;# 
   726     009D                     	;# 
   727     009E                     	;# 
   728     010C                     	;# 
   729     010D                     	;# 
   730     0111                     	;# 
   731     0112                     	;# 
   732     0113                     	;# 
   733     0114                     	;# 
   734     0115                     	;# 
   735     0116                     	;# 
   736     0117                     	;# 
   737     0118                     	;# 
   738     0119                     	;# 
   739     011A                     	;# 
   740     011B                     	;# 
   741     011D                     	;# 
   742     011E                     	;# 
   743     018C                     	;# 
   744     018D                     	;# 
   745     0191                     	;# 
   746     0191                     	;# 
   747     0192                     	;# 
   748     0193                     	;# 
   749     0193                     	;# 
   750     0193                     	;# 
   751     0194                     	;# 
   752     0195                     	;# 
   753     0196                     	;# 
   754     0199                     	;# 
   755     019A                     	;# 
   756     019B                     	;# 
   757     019B                     	;# 
   758     019B                     	;# 
   759     019B                     	;# 
   760     019C                     	;# 
   761     019C                     	;# 
   762     019D                     	;# 
   763     019E                     	;# 
   764     019F                     	;# 
   765     020C                     	;# 
   766     020D                     	;# 
   767     0211                     	;# 
   768     0211                     	;# 
   769     0212                     	;# 
   770     0212                     	;# 
   771     0213                     	;# 
   772     0213                     	;# 
   773     0214                     	;# 
   774     0214                     	;# 
   775     0215                     	;# 
   776     0215                     	;# 
   777     0215                     	;# 
   778     0216                     	;# 
   779     0216                     	;# 
   780     0217                     	;# 
   781     0217                     	;# 
   782     0219                     	;# 
   783     021A                     	;# 
   784     021B                     	;# 
   785     021C                     	;# 
   786     021D                     	;# 
   787     021E                     	;# 
   788     021F                     	;# 
   789     0291                     	;# 
   790     0291                     	;# 
   791     0292                     	;# 
   792     0293                     	;# 
   793     0294                     	;# 
   794     0295                     	;# 
   795     0295                     	;# 
   796     0296                     	;# 
   797     0298                     	;# 
   798     0298                     	;# 
   799     0299                     	;# 
   800     029A                     	;# 
   801     029B                     	;# 
   802     029C                     	;# 
   803     029C                     	;# 
   804     029D                     	;# 
   805     029E                     	;# 
   806     029E                     	;# 
   807     0311                     	;# 
   808     0311                     	;# 
   809     0312                     	;# 
   810     0313                     	;# 
   811     0318                     	;# 
   812     0318                     	;# 
   813     0319                     	;# 
   814     031A                     	;# 
   815     0394                     	;# 
   816     0395                     	;# 
   817     0396                     	;# 
   818     039A                     	;# 
   819     039C                     	;# 
   820     039D                     	;# 
   821     039E                     	;# 
   822     039F                     	;# 
   823     0415                     	;# 
   824     0416                     	;# 
   825     0417                     	;# 
   826     041C                     	;# 
   827     041D                     	;# 
   828     041E                     	;# 
   829     0FE4                     	;# 
   830     0FE5                     	;# 
   831     0FE6                     	;# 
   832     0FE7                     	;# 
   833     0FE8                     	;# 
   834     0FE9                     	;# 
   835     0FEA                     	;# 
   836     0FEB                     	;# 
   837     0FED                     	;# 
   838     0FEE                     	;# 
   839     0FEF                     	;# 
   840     0000                     	;# 
   841     0001                     	;# 
   842     0002                     	;# 
   843     0003                     	;# 
   844     0004                     	;# 
   845     0005                     	;# 
   846     0006                     	;# 
   847     0007                     	;# 
   848     0008                     	;# 
   849     0009                     	;# 
   850     000A                     	;# 
   851     000B                     	;# 
   852     000C                     	;# 
   853     000D                     	;# 
   854     0011                     	;# 
   855     0012                     	;# 
   856     0013                     	;# 
   857     0014                     	;# 
   858     0015                     	;# 
   859     0016                     	;# 
   860     0016                     	;# 
   861     0017                     	;# 
   862     0018                     	;# 
   863     0019                     	;# 
   864     001A                     	;# 
   865     001B                     	;# 
   866     001C                     	;# 
   867     001E                     	;# 
   868     001F                     	;# 
   869     008C                     	;# 
   870     008D                     	;# 
   871     0091                     	;# 
   872     0092                     	;# 
   873     0093                     	;# 
   874     0094                     	;# 
   875     0095                     	;# 
   876     0096                     	;# 
   877     0097                     	;# 
   878     0098                     	;# 
   879     0099                     	;# 
   880     009A                     	;# 
   881     009B                     	;# 
   882     009B                     	;# 
   883     009C                     	;# 
   884     009D                     	;# 
   885     009E                     	;# 
   886     010C                     	;# 
   887     010D                     	;# 
   888     0111                     	;# 
   889     0112                     	;# 
   890     0113                     	;# 
   891     0114                     	;# 
   892     0115                     	;# 
   893     0116                     	;# 
   894     0117                     	;# 
   895     0118                     	;# 
   896     0119                     	;# 
   897     011A                     	;# 
   898     011B                     	;# 
   899     011D                     	;# 
   900     011E                     	;# 
   901     018C                     	;# 
   902     018D                     	;# 
   903     0191                     	;# 
   904     0191                     	;# 
   905     0192                     	;# 
   906     0193                     	;# 
   907     0193                     	;# 
   908     0193                     	;# 
   909     0194                     	;# 
   910     0195                     	;# 
   911     0196                     	;# 
   912     0199                     	;# 
   913     019A                     	;# 
   914     019B                     	;# 
   915     019B                     	;# 
   916     019B                     	;# 
   917     019B                     	;# 
   918     019C                     	;# 
   919     019C                     	;# 
   920     019D                     	;# 
   921     019E                     	;# 
   922     019F                     	;# 
   923     020C                     	;# 
   924     020D                     	;# 
   925     0211                     	;# 
   926     0211                     	;# 
   927     0212                     	;# 
   928     0212                     	;# 
   929     0213                     	;# 
   930     0213                     	;# 
   931     0214                     	;# 
   932     0214                     	;# 
   933     0215                     	;# 
   934     0215                     	;# 
   935     0215                     	;# 
   936     0216                     	;# 
   937     0216                     	;# 
   938     0217                     	;# 
   939     0217                     	;# 
   940     0219                     	;# 
   941     021A                     	;# 
   942     021B                     	;# 
   943     021C                     	;# 
   944     021D                     	;# 
   945     021E                     	;# 
   946     021F                     	;# 
   947     0291                     	;# 
   948     0291                     	;# 
   949     0292                     	;# 
   950     0293                     	;# 
   951     0294                     	;# 
   952     0295                     	;# 
   953     0295                     	;# 
   954     0296                     	;# 
   955     0298                     	;# 
   956     0298                     	;# 
   957     0299                     	;# 
   958     029A                     	;# 
   959     029B                     	;# 
   960     029C                     	;# 
   961     029C                     	;# 
   962     029D                     	;# 
   963     029E                     	;# 
   964     029E                     	;# 
   965     0311                     	;# 
   966     0311                     	;# 
   967     0312                     	;# 
   968     0313                     	;# 
   969     0318                     	;# 
   970     0318                     	;# 
   971     0319                     	;# 
   972     031A                     	;# 
   973     0394                     	;# 
   974     0395                     	;# 
   975     0396                     	;# 
   976     039A                     	;# 
   977     039C                     	;# 
   978     039D                     	;# 
   979     039E                     	;# 
   980     039F                     	;# 
   981     0415                     	;# 
   982     0416                     	;# 
   983     0417                     	;# 
   984     041C                     	;# 
   985     041D                     	;# 
   986     041E                     	;# 
   987     0FE4                     	;# 
   988     0FE5                     	;# 
   989     0FE6                     	;# 
   990     0FE7                     	;# 
   991     0FE8                     	;# 
   992     0FE9                     	;# 
   993     0FEA                     	;# 
   994     0FEB                     	;# 
   995     0FED                     	;# 
   996     0FEE                     	;# 
   997     0FEF                     	;# 
   998     0095                     _OPTION_REGbits	set	149
   999     008D                     _TRISB	set	141
  1000     008C                     _TRISA	set	140
  1001     0097                     _WDTCON	set	151
  1002     0098                     _OSCTUNE	set	152
  1003     0099                     _OSCCON	set	153
  1004     011E                     _APFCON1	set	286
  1005     011D                     _APFCON0	set	285
  1006     010D                     _LATB	set	269
  1007     010C                     _LATA	set	268
  1008     0117                     _FVRCONbits	set	279
  1009     0117                     _FVRCON	set	279
  1010     0116                     _BORCON	set	278
  1011     0115                     _CMOUTbits	set	277
  1012     0112                     _CM1CON1	set	274
  1013     0111                     _CM1CON0	set	273
  1014     018C                     _ANSELA	set	396
  1015     018D                     _ANSELB	set	397
  1016     020C                     _WPUA	set	524
  1017     020D                     _WPUB	set	525
  1018                           
  1019                           	psect	cinit
  1020     07FD                     start_initialization:	
  1021                           ; #config settings
  1022                           
  1023     07FD                     __initialization:
  1024     07FD                     end_of_initialization:	
  1025                           ;End of C runtime variable initialization code
  1026                           
  1027     07FD                     __end_of__initialization:
  1028     07FD  0020               	movlb	0
  1029     07FE  3187  2FCA         	ljmp	_main	;jump to C main() function
  1030                           
  1031                           	psect	cstackCOMMON
  1032     0000                     __pcstackCOMMON:
  1033     0000                     ?_PIN_MANAGER_Initialize:
  1034     0000                     ??_PIN_MANAGER_Initialize:	
  1035                           ; 1 bytes @ 0x0
  1036                           
  1037     0000                     ?_OSCILLATOR_Initialize:	
  1038                           ; 1 bytes @ 0x0
  1039                           
  1040     0000                     ??_OSCILLATOR_Initialize:	
  1041                           ; 1 bytes @ 0x0
  1042                           
  1043     0000                     ?_WDT_Initialize:	
  1044                           ; 1 bytes @ 0x0
  1045                           
  1046     0000                     ??_WDT_Initialize:	
  1047                           ; 1 bytes @ 0x0
  1048                           
  1049     0000                     ?_FVR_Initialize:	
  1050                           ; 1 bytes @ 0x0
  1051                           
  1052     0000                     ??_FVR_Initialize:	
  1053                           ; 1 bytes @ 0x0
  1054                           
  1055     0000                     ?_CMP1_Initialize:	
  1056                           ; 1 bytes @ 0x0
  1057                           
  1058     0000                     ??_CMP1_Initialize:	
  1059                           ; 1 bytes @ 0x0
  1060                           
  1061     0000                     ?_SYSTEM_Initialize:	
  1062                           ; 1 bytes @ 0x0
  1063                           
  1064     0000                     ??_SYSTEM_Initialize:	
  1065                           ; 1 bytes @ 0x0
  1066                           
  1067     0000                     ?_main:	
  1068                           ; 1 bytes @ 0x0
  1069                           
  1070     0000                     ??_main:	
  1071                           ; 1 bytes @ 0x0
  1072                           
  1073                           
  1074                           	psect	maintext
  1075     07CA                     __pmaintext:	
  1076                           ; 1 bytes @ 0x0
  1077 ;;
  1078 ;;Main: autosize = 0, tempsize = 0, incstack = 0, save=0
  1079 ;;
  1080 ;; *************** function _main *****************
  1081 ;; Defined at:
  1082 ;;		line 49 in file "main.c"
  1083 ;; Parameters:    Size  Location     Type
  1084 ;;		None
  1085 ;; Auto vars:     Size  Location     Type
  1086 ;;		None
  1087 ;; Return value:  Size  Location     Type
  1088 ;;                  1    wreg      void 
  1089 ;; Registers used:
  1090 ;;		wreg, status,2, status,0, pclath, cstack
  1091 ;; Tracked objects:
  1092 ;;		On entry : B1F/0
  1093 ;;		On exit  : 0/0
  1094 ;;		Unchanged: 0/0
  1095 ;; Data sizes:     COMMON   BANK0   BANK1   BANK2   BANK3   BANK4
  1096 ;;      Params:         0       0       0       0       0       0
  1097 ;;      Locals:         0       0       0       0       0       0
  1098 ;;      Temps:          0       0       0       0       0       0
  1099 ;;      Totals:         0       0       0       0       0       0
  1100 ;;Total ram usage:        0 bytes
  1101 ;; Hardware stack levels required when called: 2
  1102 ;; This function calls:
  1103 ;;		_SYSTEM_Initialize
  1104 ;; This function is called by:
  1105 ;;		Startup code after reset
  1106 ;; This function uses a non-reentrant model
  1107 ;;
  1108                           
  1109     07CA                     _main:	
  1110                           ;psect for function _main
  1111                           
  1112     07CA                     l729:	
  1113                           ;incstack = 0
  1114                           ; Regs used in _main: [wreg+status,2+status,0+pclath+cstack]
  1115                           
  1116                           
  1117                           ;main.c: 52:     SYSTEM_Initialize();
  1118     07CA  3187  27D7  3187   	fcall	_SYSTEM_Initialize
  1119     07CD                     l84:	
  1120                           ;main.c: 69:     while (1)
  1121                           
  1122     07CD                     l85:	
  1123                           ;main.c: 70:     {;main.c: 72:     }
  1124                           
  1125     07CD  2FCD               	goto	l84
  1126     07CE  3180  2802         	ljmp	start
  1127     07D0                     __end_of_main:
  1128                           
  1129                           	psect	text1
  1130     07D7                     __ptext1:	
  1131 ;; *************** function _SYSTEM_Initialize *****************
  1132 ;; Defined at:
  1133 ;;		line 50 in file "mcc_generated_files/mcc.c"
  1134 ;; Parameters:    Size  Location     Type
  1135 ;;		None
  1136 ;; Auto vars:     Size  Location     Type
  1137 ;;		None
  1138 ;; Return value:  Size  Location     Type
  1139 ;;                  1    wreg      void 
  1140 ;; Registers used:
  1141 ;;		wreg, status,2, status,0, pclath, cstack
  1142 ;; Tracked objects:
  1143 ;;		On entry : 0/0
  1144 ;;		On exit  : 0/0
  1145 ;;		Unchanged: 0/0
  1146 ;; Data sizes:     COMMON   BANK0   BANK1   BANK2   BANK3   BANK4
  1147 ;;      Params:         0       0       0       0       0       0
  1148 ;;      Locals:         0       0       0       0       0       0
  1149 ;;      Temps:          0       0       0       0       0       0
  1150 ;;      Totals:         0       0       0       0       0       0
  1151 ;;Total ram usage:        0 bytes
  1152 ;; Hardware stack levels used: 1
  1153 ;; Hardware stack levels required when called: 1
  1154 ;; This function calls:
  1155 ;;		_CMP1_Initialize
  1156 ;;		_FVR_Initialize
  1157 ;;		_OSCILLATOR_Initialize
  1158 ;;		_PIN_MANAGER_Initialize
  1159 ;;		_WDT_Initialize
  1160 ;; This function is called by:
  1161 ;;		_main
  1162 ;; This function uses a non-reentrant model
  1163 ;;
  1164                           
  1165     07D7                     _SYSTEM_Initialize:	
  1166                           ;psect for function _SYSTEM_Initialize
  1167                           
  1168     07D7                     l719:	
  1169                           ;incstack = 0
  1170                           ; Regs used in _SYSTEM_Initialize: [wreg+status,2+status,0+pclath+cstack]
  1171                           
  1172                           
  1173                           ;mcc_generated_files/mcc.c: 53:     PIN_MANAGER_Initialize();
  1174     07D7  3187  27E7  3187   	fcall	_PIN_MANAGER_Initialize
  1175                           
  1176                           ;mcc_generated_files/mcc.c: 54:     OSCILLATOR_Initialize();
  1177     07DA  3187  27D0  3187   	fcall	_OSCILLATOR_Initialize
  1178                           
  1179                           ;mcc_generated_files/mcc.c: 55:     WDT_Initialize();
  1180     07DD  3187  27C0  3187   	fcall	_WDT_Initialize
  1181                           
  1182                           ;mcc_generated_files/mcc.c: 56:     FVR_Initialize();
  1183     07E0  3187  27BC  3187   	fcall	_FVR_Initialize
  1184                           
  1185                           ;mcc_generated_files/mcc.c: 57:     CMP1_Initialize();
  1186     07E3  3187  27C4  3187   	fcall	_CMP1_Initialize
  1187     07E6                     l33:
  1188     07E6  0008               	return
  1189     07E7                     __end_of_SYSTEM_Initialize:
  1190                           
  1191                           	psect	text2
  1192     07C0                     __ptext2:	
  1193 ;; *************** function _WDT_Initialize *****************
  1194 ;; Defined at:
  1195 ;;		line 70 in file "mcc_generated_files/mcc.c"
  1196 ;; Parameters:    Size  Location     Type
  1197 ;;		None
  1198 ;; Auto vars:     Size  Location     Type
  1199 ;;		None
  1200 ;; Return value:  Size  Location     Type
  1201 ;;                  1    wreg      void 
  1202 ;; Registers used:
  1203 ;;		wreg
  1204 ;; Tracked objects:
  1205 ;;		On entry : 0/0
  1206 ;;		On exit  : 0/0
  1207 ;;		Unchanged: 0/0
  1208 ;; Data sizes:     COMMON   BANK0   BANK1   BANK2   BANK3   BANK4
  1209 ;;      Params:         0       0       0       0       0       0
  1210 ;;      Locals:         0       0       0       0       0       0
  1211 ;;      Temps:          0       0       0       0       0       0
  1212 ;;      Totals:         0       0       0       0       0       0
  1213 ;;Total ram usage:        0 bytes
  1214 ;; Hardware stack levels used: 1
  1215 ;; This function calls:
  1216 ;;		Nothing
  1217 ;; This function is called by:
  1218 ;;		_SYSTEM_Initialize
  1219 ;; This function uses a non-reentrant model
  1220 ;;
  1221                           
  1222     07C0                     _WDT_Initialize:	
  1223                           ;psect for function _WDT_Initialize
  1224                           
  1225     07C0                     l715:	
  1226                           ;incstack = 0
  1227                           ; Regs used in _WDT_Initialize: [wreg]
  1228                           
  1229                           
  1230                           ;mcc_generated_files/mcc.c: 73:     WDTCON = 0x16;
  1231     07C0  3016               	movlw	22
  1232     07C1  0021               	movlb	1	; select bank1
  1233     07C2  0097               	movwf	23	;volatile
  1234     07C3                     l39:
  1235     07C3  0008               	return
  1236     07C4                     __end_of_WDT_Initialize:
  1237                           
  1238                           	psect	text3
  1239     07E7                     __ptext3:	
  1240 ;; *************** function _PIN_MANAGER_Initialize *****************
  1241 ;; Defined at:
  1242 ;;		line 55 in file "mcc_generated_files/pin_manager.c"
  1243 ;; Parameters:    Size  Location     Type
  1244 ;;		None
  1245 ;; Auto vars:     Size  Location     Type
  1246 ;;		None
  1247 ;; Return value:  Size  Location     Type
  1248 ;;                  1    wreg      void 
  1249 ;; Registers used:
  1250 ;;		wreg, status,2
  1251 ;; Tracked objects:
  1252 ;;		On entry : 0/0
  1253 ;;		On exit  : 0/0
  1254 ;;		Unchanged: 0/0
  1255 ;; Data sizes:     COMMON   BANK0   BANK1   BANK2   BANK3   BANK4
  1256 ;;      Params:         0       0       0       0       0       0
  1257 ;;      Locals:         0       0       0       0       0       0
  1258 ;;      Temps:          0       0       0       0       0       0
  1259 ;;      Totals:         0       0       0       0       0       0
  1260 ;;Total ram usage:        0 bytes
  1261 ;; Hardware stack levels used: 1
  1262 ;; This function calls:
  1263 ;;		Nothing
  1264 ;; This function is called by:
  1265 ;;		_SYSTEM_Initialize
  1266 ;; This function uses a non-reentrant model
  1267 ;;
  1268                           
  1269     07E7                     _PIN_MANAGER_Initialize:	
  1270                           ;psect for function _PIN_MANAGER_Initialize
  1271                           
  1272     07E7                     l697:	
  1273                           ;incstack = 0
  1274                           ; Regs used in _PIN_MANAGER_Initialize: [wreg+status,2]
  1275                           
  1276                           
  1277                           ;mcc_generated_files/pin_manager.c: 60:     LATA = 0x00;
  1278     07E7  0022               	movlb	2	; select bank2
  1279     07E8  018C               	clrf	12	;volatile
  1280                           
  1281                           ;mcc_generated_files/pin_manager.c: 61:     LATB = 0x00;
  1282     07E9  018D               	clrf	13	;volatile
  1283     07EA                     l699:
  1284                           
  1285                           ;mcc_generated_files/pin_manager.c: 66:     TRISA = 0xF7;
  1286     07EA  30F7               	movlw	247
  1287     07EB  0021               	movlb	1	; select bank1
  1288     07EC  008C               	movwf	12	;volatile
  1289     07ED                     l701:
  1290                           
  1291                           ;mcc_generated_files/pin_manager.c: 67:     TRISB = 0xFF;
  1292     07ED  30FF               	movlw	255
  1293     07EE  008D               	movwf	13	;volatile
  1294     07EF                     l703:
  1295                           
  1296                           ;mcc_generated_files/pin_manager.c: 72:     ANSELB = 0xFE;
  1297     07EF  30FE               	movlw	254
  1298     07F0  0023               	movlb	3	; select bank3
  1299     07F1  008D               	movwf	13	;volatile
  1300     07F2                     l705:
  1301                           
  1302                           ;mcc_generated_files/pin_manager.c: 73:     ANSELA = 0x17;
  1303     07F2  3017               	movlw	23
  1304     07F3  008C               	movwf	12	;volatile
  1305                           
  1306                           ;mcc_generated_files/pin_manager.c: 78:     WPUB = 0x00;
  1307     07F4  0024               	movlb	4	; select bank4
  1308     07F5  018D               	clrf	13	;volatile
  1309                           
  1310                           ;mcc_generated_files/pin_manager.c: 79:     WPUA = 0x00;
  1311     07F6  018C               	clrf	12	;volatile
  1312     07F7                     l707:
  1313                           
  1314                           ;mcc_generated_files/pin_manager.c: 80:     OPTION_REGbits.nWPUEN = 1;
  1315     07F7  0021               	movlb	1	; select bank1
  1316     07F8  1795               	bsf	21,7	;volatile
  1317                           
  1318                           ;mcc_generated_files/pin_manager.c: 86:     APFCON0 = 0x00;
  1319     07F9  0022               	movlb	2	; select bank2
  1320     07FA  019D               	clrf	29	;volatile
  1321                           
  1322                           ;mcc_generated_files/pin_manager.c: 87:     APFCON1 = 0x00;
  1323     07FB  019E               	clrf	30	;volatile
  1324     07FC                     l74:
  1325     07FC  0008               	return
  1326     07FD                     __end_of_PIN_MANAGER_Initialize:
  1327                           
  1328                           	psect	text4
  1329     07D0                     __ptext4:	
  1330 ;; *************** function _OSCILLATOR_Initialize *****************
  1331 ;; Defined at:
  1332 ;;		line 60 in file "mcc_generated_files/mcc.c"
  1333 ;; Parameters:    Size  Location     Type
  1334 ;;		None
  1335 ;; Auto vars:     Size  Location     Type
  1336 ;;		None
  1337 ;; Return value:  Size  Location     Type
  1338 ;;                  1    wreg      void 
  1339 ;; Registers used:
  1340 ;;		wreg, status,2
  1341 ;; Tracked objects:
  1342 ;;		On entry : 0/0
  1343 ;;		On exit  : 0/0
  1344 ;;		Unchanged: 0/0
  1345 ;; Data sizes:     COMMON   BANK0   BANK1   BANK2   BANK3   BANK4
  1346 ;;      Params:         0       0       0       0       0       0
  1347 ;;      Locals:         0       0       0       0       0       0
  1348 ;;      Temps:          0       0       0       0       0       0
  1349 ;;      Totals:         0       0       0       0       0       0
  1350 ;;Total ram usage:        0 bytes
  1351 ;; Hardware stack levels used: 1
  1352 ;; This function calls:
  1353 ;;		Nothing
  1354 ;; This function is called by:
  1355 ;;		_SYSTEM_Initialize
  1356 ;; This function uses a non-reentrant model
  1357 ;;
  1358                           
  1359     07D0                     _OSCILLATOR_Initialize:	
  1360                           ;psect for function _OSCILLATOR_Initialize
  1361                           
  1362     07D0                     l709:	
  1363                           ;incstack = 0
  1364                           ; Regs used in _OSCILLATOR_Initialize: [wreg+status,2]
  1365                           
  1366                           
  1367                           ;mcc_generated_files/mcc.c: 63:     OSCCON = 0x68;
  1368     07D0  3068               	movlw	104
  1369     07D1  0021               	movlb	1	; select bank1
  1370     07D2  0099               	movwf	25	;volatile
  1371     07D3                     l711:
  1372                           
  1373                           ;mcc_generated_files/mcc.c: 65:     OSCTUNE = 0x00;
  1374     07D3  0198               	clrf	24	;volatile
  1375     07D4                     l713:
  1376                           
  1377                           ;mcc_generated_files/mcc.c: 67:     BORCON = 0x00;
  1378     07D4  0022               	movlb	2	; select bank2
  1379     07D5  0196               	clrf	22	;volatile
  1380     07D6                     l36:
  1381     07D6  0008               	return
  1382     07D7                     __end_of_OSCILLATOR_Initialize:
  1383                           
  1384                           	psect	text5
  1385     07BC                     __ptext5:	
  1386 ;; *************** function _FVR_Initialize *****************
  1387 ;; Defined at:
  1388 ;;		line 58 in file "mcc_generated_files/fvr.c"
  1389 ;; Parameters:    Size  Location     Type
  1390 ;;		None
  1391 ;; Auto vars:     Size  Location     Type
  1392 ;;		None
  1393 ;; Return value:  Size  Location     Type
  1394 ;;                  1    wreg      void 
  1395 ;; Registers used:
  1396 ;;		wreg
  1397 ;; Tracked objects:
  1398 ;;		On entry : 0/0
  1399 ;;		On exit  : 0/0
  1400 ;;		Unchanged: 0/0
  1401 ;; Data sizes:     COMMON   BANK0   BANK1   BANK2   BANK3   BANK4
  1402 ;;      Params:         0       0       0       0       0       0
  1403 ;;      Locals:         0       0       0       0       0       0
  1404 ;;      Temps:          0       0       0       0       0       0
  1405 ;;      Totals:         0       0       0       0       0       0
  1406 ;;Total ram usage:        0 bytes
  1407 ;; Hardware stack levels used: 1
  1408 ;; This function calls:
  1409 ;;		Nothing
  1410 ;; This function is called by:
  1411 ;;		_SYSTEM_Initialize
  1412 ;; This function uses a non-reentrant model
  1413 ;;
  1414                           
  1415     07BC                     _FVR_Initialize:	
  1416                           ;psect for function _FVR_Initialize
  1417                           
  1418     07BC                     l717:	
  1419                           ;incstack = 0
  1420                           ; Regs used in _FVR_Initialize: [wreg]
  1421                           
  1422                           
  1423                           ;mcc_generated_files/fvr.c: 61:     FVRCON = 0x84;
  1424     07BC  3084               	movlw	132
  1425     07BD  0022               	movlb	2	; select bank2
  1426     07BE  0097               	movwf	23	;volatile
  1427     07BF                     l46:
  1428     07BF  0008               	return
  1429     07C0                     __end_of_FVR_Initialize:
  1430                           
  1431                           	psect	text6
  1432     07C4                     __ptext6:	
  1433 ;; *************** function _CMP1_Initialize *****************
  1434 ;; Defined at:
  1435 ;;		line 58 in file "mcc_generated_files/cmp1.c"
  1436 ;; Parameters:    Size  Location     Type
  1437 ;;		None
  1438 ;; Auto vars:     Size  Location     Type
  1439 ;;		None
  1440 ;; Return value:  Size  Location     Type
  1441 ;;                  1    wreg      void 
  1442 ;; Registers used:
  1443 ;;		wreg
  1444 ;; Tracked objects:
  1445 ;;		On entry : 0/0
  1446 ;;		On exit  : 0/0
  1447 ;;		Unchanged: 0/0
  1448 ;; Data sizes:     COMMON   BANK0   BANK1   BANK2   BANK3   BANK4
  1449 ;;      Params:         0       0       0       0       0       0
  1450 ;;      Locals:         0       0       0       0       0       0
  1451 ;;      Temps:          0       0       0       0       0       0
  1452 ;;      Totals:         0       0       0       0       0       0
  1453 ;;Total ram usage:        0 bytes
  1454 ;; Hardware stack levels used: 1
  1455 ;; This function calls:
  1456 ;;		Nothing
  1457 ;; This function is called by:
  1458 ;;		_SYSTEM_Initialize
  1459 ;; This function uses a non-reentrant model
  1460 ;;
  1461                           
  1462     07C4                     _CMP1_Initialize:	
  1463                           ;psect for function _CMP1_Initialize
  1464                           
  1465     07C4                     l695:	
  1466                           ;incstack = 0
  1467                           ; Regs used in _CMP1_Initialize: [wreg]
  1468                           
  1469                           
  1470                           ;mcc_generated_files/cmp1.c: 62:     CM1CON0 = 0xA4;
  1471     07C4  30A4               	movlw	164
  1472     07C5  0022               	movlb	2	; select bank2
  1473     07C6  0091               	movwf	17	;volatile
  1474                           
  1475                           ;mcc_generated_files/cmp1.c: 65:     CM1CON1 = 0x21;
  1476     07C7  3021               	movlw	33
  1477     07C8  0092               	movwf	18	;volatile
  1478     07C9                     l9:
  1479     07C9  0008               	return
  1480     07CA                     __end_of_CMP1_Initialize:
  1481     007E                     btemp	set	126	;btemp
  1482     007E                     wtemp0	set	126
  1483                           
  1484                           	psect	config
  1485                           
  1486                           ;Config register CONFIG1 @ 0x8007
  1487                           ;	Oscillator Selection
  1488                           ;	FOSC = INTOSC, INTOSC oscillator: I/O function on CLKIN pin
  1489                           ;	Watchdog Timer Enable
  1490                           ;	WDTE = OFF, WDT disabled
  1491                           ;	Power-up Timer Enable
  1492                           ;	PWRTE = OFF, PWRT disabled
  1493                           ;	MCLR Pin Function Select
  1494                           ;	MCLRE = ON, MCLR/VPP pin function is MCLR
  1495                           ;	Flash Program Memory Code Protection
  1496                           ;	CP = OFF, Program memory code protection is disabled
  1497                           ;	Data Memory Code Protection
  1498                           ;	CPD = OFF, Data memory code protection is disabled
  1499                           ;	Brown-out Reset Enable
  1500                           ;	BOREN = ON, Brown-out Reset enabled
  1501                           ;	Clock Out Enable
  1502                           ;	CLKOUTEN = OFF, CLKOUT function is disabled. I/O or oscillator function on the CLKOUT 
      +                          pin
  1503                           ;	Internal/External Switchover
  1504                           ;	IESO = ON, Internal/External Switchover mode is enabled
  1505                           ;	Fail-Safe Clock Monitor Enable
  1506                           ;	FCMEN = ON, Fail-Safe Clock Monitor is enabled
  1507     8007                     	org	32775
  1508     8007  3FE4               	dw	16356
  1509                           
  1510                           ;Config register CONFIG2 @ 0x8008
  1511                           ;	Flash Memory Self-Write Protection
  1512                           ;	WRT = OFF, Write protection off
  1513                           ;	PLL Enable
  1514                           ;	PLLEN = OFF, 4x PLL disabled
  1515                           ;	Stack Overflow/Underflow Reset Enable
  1516                           ;	STVREN = ON, Stack Overflow or Underflow will cause a Reset
  1517                           ;	Brown-out Reset Voltage Selection
  1518                           ;	BORV = LO, Brown-out Reset Voltage (Vbor), low trip point selected.
  1519                           ;	In-Circuit Debugger Mode
  1520                           ;	DEBUG = 0x1, unprogrammed default
  1521                           ;	Low-Voltage Programming Enable
  1522                           ;	LVP = ON, Low-voltage programming enabled
  1523     8008                     	org	32776
  1524     8008  3EFF               	dw	16127

Data Sizes:
    Strings     0
    Constant    0
    Data        0
    BSS         0
    Persistent  32
    Stack       0

Auto Spaces:
    Space          Size  Autos    Used
    COMMON           14      0       0
    BANK0            80      0       0
    BANK1            80      0       0
    BANK2            80      0       0
    BANK3            80      0       0
    BANK4            48      0       0

Pointer List with Targets:

    None.

Critical Paths under _main in COMMON

    None.

Critical Paths under _main in BANK0

    None.

Critical Paths under _main in BANK1

    None.

Critical Paths under _main in BANK2

    None.

Critical Paths under _main in BANK3

    None.

Critical Paths under _main in BANK4

    None.

Call Graph Tables:

 ---------------------------------------------------------------------------------
 (Depth) Function   	        Calls       Base Space   Used Autos Params    Refs
 ---------------------------------------------------------------------------------
 (0) _main                                                 0     0      0       0
                  _SYSTEM_Initialize
 ---------------------------------------------------------------------------------
 (1) _SYSTEM_Initialize                                    0     0      0       0
                    _CMP1_Initialize
                     _FVR_Initialize
              _OSCILLATOR_Initialize
             _PIN_MANAGER_Initialize
                     _WDT_Initialize
 ---------------------------------------------------------------------------------
 (2) _WDT_Initialize                                       0     0      0       0
 ---------------------------------------------------------------------------------
 (2) _PIN_MANAGER_Initialize                               0     0      0       0
 ---------------------------------------------------------------------------------
 (2) _OSCILLATOR_Initialize                                0     0      0       0
 ---------------------------------------------------------------------------------
 (2) _FVR_Initialize                                       0     0      0       0
 ---------------------------------------------------------------------------------
 (2) _CMP1_Initialize                                      0     0      0       0
 ---------------------------------------------------------------------------------
 Estimated maximum stack depth 2
 ---------------------------------------------------------------------------------

 Call Graph Graphs:

 _main (ROOT)
   _SYSTEM_Initialize
     _CMP1_Initialize
     _FVR_Initialize
     _OSCILLATOR_Initialize
     _PIN_MANAGER_Initialize
     _WDT_Initialize

 Address spaces:
Name               Size   Autos  Total    Cost      Usage
BIGRAM             170      0       0       0        0.0%
EEDATA             100      0       0       0        0.0%
NULL                 0      0       0       0        0.0%
CODE                 0      0       0       0        0.0%
BITCOMMON            E      0       0       1        0.0%
BITSFR0              0      0       0       1        0.0%
SFR0                 0      0       0       1        0.0%
COMMON               E      0       0       2        0.0%
BITSFR1              0      0       0       2        0.0%
SFR1                 0      0       0       2        0.0%
BITSFR2              0      0       0       3        0.0%
SFR2                 0      0       0       3        0.0%
STACK                0      0       0       3        0.0%
BITSFR3              0      0       0       4        0.0%
SFR3                 0      0       0       4        0.0%
ABS                  0      0       0       4        0.0%
BITBANK0            50      0       0       5        0.0%
BITSFR4              0      0       0       5        0.0%
SFR4                 0      0       0       5        0.0%
BANK0               50      0       0       6        0.0%
BITSFR5              0      0       0       6        0.0%
SFR5                 0      0       0       6        0.0%
BITBANK1            50      0       0       7        0.0%
BITSFR6              0      0       0       7        0.0%
SFR6                 0      0       0       7        0.0%
BANK1               50      0       0       8        0.0%
BITSFR7              0      0       0       8        0.0%
SFR7                 0      0       0       8        0.0%
BITBANK2            50      0       0       9        0.0%
BITSFR8              0      0       0       9        0.0%
SFR8                 0      0       0       9        0.0%
BANK2               50      0       0      10        0.0%
BITSFR9              0      0       0      10        0.0%
SFR9                 0      0       0      10        0.0%
BITBANK3            50      0       0      11        0.0%
BITSFR10             0      0       0      11        0.0%
SFR10                0      0       0      11        0.0%
BANK3               50      0       0      12        0.0%
BITSFR11             0      0       0      12        0.0%
SFR11                0      0       0      12        0.0%
BITBANK4            30      0       0      13        0.0%
BITSFR12             0      0       0      13        0.0%
SFR12                0      0       0      13        0.0%
BANK4               30      0       0      14        0.0%
BITSFR13             0      0       0      14        0.0%
SFR13                0      0       0      14        0.0%
BITSFR14             0      0       0      15        0.0%
SFR14                0      0       0      15        0.0%
DATA                 0      0       0      15        0.0%
BITSFR15             0      0       0      16        0.0%
SFR15                0      0       0      16        0.0%
BITSFR16             0      0       0      17        0.0%
SFR16                0      0       0      17        0.0%
BITSFR17             0      0       0      18        0.0%
SFR17                0      0       0      18        0.0%
BITSFR18             0      0       0      19        0.0%
SFR18                0      0       0      19        0.0%
BITSFR19             0      0       0      20        0.0%
SFR19                0      0       0      20        0.0%
BITSFR20             0      0       0      21        0.0%
SFR20                0      0       0      21        0.0%
BITSFR21             0      0       0      22        0.0%
SFR21                0      0       0      22        0.0%
BITSFR22             0      0       0      23        0.0%
SFR22                0      0       0      23        0.0%
BITSFR23             0      0       0      24        0.0%
SFR23                0      0       0      24        0.0%
BITSFR24             0      0       0      25        0.0%
SFR24                0      0       0      25        0.0%
BITSFR25             0      0       0      26        0.0%
SFR25                0      0       0      26        0.0%
BITSFR26             0      0       0      27        0.0%
SFR26                0      0       0      27        0.0%
BITSFR27             0      0       0      28        0.0%
SFR27                0      0       0      28        0.0%
BITSFR28             0      0       0      29        0.0%
SFR28                0      0       0      29        0.0%
BITSFR29             0      0       0      30        0.0%
SFR29                0      0       0      30        0.0%
BITSFR30             0      0       0      31        0.0%
SFR30                0      0       0      31        0.0%
BITSFR31             0      0       0      32        0.0%
SFR31                0      0       0      32        0.0%


Microchip Technology PIC Macro Assembler V2.45 build 20230818022343 
Symbol Table                                                                                   Thu Oct 19 18:02:08 2023

                             l9 07C9                              l33 07E6                              l36 07D6  
                            l46 07BF                              l39 07C3                              l74 07FC  
             ??_CMP1_Initialize 0000                              l84 07CD                              l85 07CD  
        __end_of_FVR_Initialize 07C0                             l701 07ED                             l711 07D3  
                           l703 07EF                             l713 07D4                             l705 07F2  
                           l707 07F7                             l715 07C0                             l717 07BC  
                           l709 07D0                             l719 07D7                             l729 07CA  
                           l695 07C4                             l697 07E7                             l699 07EA  
                          _LATA 010C                            _LATB 010D                            _WPUA 020C  
                          _WPUB 020D                            _main 07CA                            btemp 007E  
                          start 0002                 ?_FVR_Initialize 0000   __end_of_OSCILLATOR_Initialize 07D7  
                         ?_main 0000                           _TRISA 008C                           _TRISB 008D  
                _WDT_Initialize 07C0                           wtemp0 007E                 __initialization 07FD  
                  __end_of_main 07D0                          ??_main 0000          __end_of_WDT_Initialize 07C4  
                        _ANSELA 018C                          _ANSELB 018D                          _BORCON 0116  
                        _FVRCON 0117                          _OSCCON 0099                          _WDTCON 0097  
               ?_WDT_Initialize 0000               _SYSTEM_Initialize 07D7         __end_of__initialization 07FD  
               _CMP1_Initialize 07C4              ?_SYSTEM_Initialize 0000                  __pcstackCOMMON 0000  
           ??_SYSTEM_Initialize 0000                  _OPTION_REGbits 0095       __end_of_SYSTEM_Initialize 07E7  
              ??_FVR_Initialize 0000                      __pmaintext 07CA                         _CM1CON0 0111  
                       _CM1CON1 0112                         _APFCON0 011D                         _APFCON1 011E  
                       _OSCTUNE 0098         __end_of_CMP1_Initialize 07CA                         __ptext1 07D7  
                       __ptext2 07C0                         __ptext3 07E7                         __ptext4 07D0  
                       __ptext5 07BC                         __ptext6 07C4           _OSCILLATOR_Initialize 07D0  
                     _CMOUTbits 0115        ??_PIN_MANAGER_Initialize 0000            end_of_initialization 07FD  
              ??_WDT_Initialize 0000                ?_CMP1_Initialize 0000          ?_OSCILLATOR_Initialize 0000  
           start_initialization 07FD                       ___latbits 0001          _PIN_MANAGER_Initialize 07E7  
       ??_OSCILLATOR_Initialize 0000                      _FVRCONbits 0117         ?_PIN_MANAGER_Initialize 0000  
                _FVR_Initialize 07BC  __end_of_PIN_MANAGER_Initialize 07FD  
